I181105 14:49:08.503617 1 util/log/clog.go:1176  [config] file created at: 2018/11/05 14:49:08
I181105 14:49:08.503617 1 util/log/clog.go:1176  [config] running on machine: Sebastian
I181105 14:49:08.503617 1 util/log/clog.go:1176  [config] binary: CockroachDB CCL v2.1.0 (x86_64-unknown-linux-gnu, built 2018/10/30 12:32:34, go1.10.3)
I181105 14:49:08.503617 1 util/log/clog.go:1176  [config] arguments: [cockroach start --insecure --listen-addr=localhost]
I181105 14:49:08.503617 1 util/log/clog.go:1176  line format: [IWEF]yymmdd hh:mm:ss.uuuuuu goid file:line msg utf8=✓
W181105 14:49:08.503615 1 cli/start.go:1055  RUNNING IN INSECURE MODE!

- Your cluster is open for any client that can access localhost.
- Any user, even root, can log in without providing a password.
- Any user, connecting as root, can read or write any data in your cluster.
- There is no network encryption nor authentication, and thus no confidentiality.

Check out how to secure your cluster: https://www.cockroachlabs.com/docs/v2.1/secure-a-cluster.html
I181105 14:49:08.785616 1 server/status/recorder.go:609  available memory from cgroups (8.0 EiB) exceeds system memory 12 GiB, using system memory
W181105 14:49:08.785775 1 cli/start.go:935  Using the default setting for --cache (128 MiB).
  A significantly larger value is usually needed for good performance.
  If you have a dedicated server a reasonable setting is --cache=.25 (2.9 GiB).
I181105 14:49:08.786109 1 server/status/recorder.go:609  available memory from cgroups (8.0 EiB) exceeds system memory 12 GiB, using system memory
W181105 14:49:08.786164 1 cli/start.go:948  Using the default setting for --max-sql-memory (128 MiB).
  A significantly larger value is usually needed in production.
  If you have a dedicated server a reasonable setting is --max-sql-memory=.25 (2.9 GiB).
I181105 14:49:08.786406 1 server/status/recorder.go:609  available memory from cgroups (8.0 EiB) exceeds system memory 12 GiB, using system memory
I181105 14:49:08.786449 1 cli/start.go:1069  CockroachDB CCL v2.1.0 (x86_64-unknown-linux-gnu, built 2018/10/30 12:32:34, go1.10.3)
I181105 14:49:08.887699 1 server/status/recorder.go:609  available memory from cgroups (8.0 EiB) exceeds system memory 12 GiB, using system memory
I181105 14:49:08.887737 1 server/config.go:385  system total memory: 12 GiB
I181105 14:49:08.887849 1 server/config.go:387  server configuration:
max offset             500000000
cache size             128 MiB
SQL memory pool size   128 MiB
scan interval          10m0s
scan min idle time     10ms
scan max idle time     1s
event log enabled      true
I181105 14:49:08.887897 1 cli/start.go:920  process identity: uid 1000 euid 1000 gid 1000 egid 1000
I181105 14:49:08.887924 1 cli/start.go:545  starting cockroach node
I181105 14:49:09.034848 24 storage/engine/rocksdb.go:574  opening rocksdb instance at "/home/sebas/go/src/recetas/cockroach-data/cockroach-temp268333084"
I181105 14:49:10.407661 24 server/server.go:849  [n?] monitoring forward clock jumps based on server.clock.forward_jump_check_enabled
I181105 14:49:10.447629 24 storage/engine/rocksdb.go:574  opening rocksdb instance at "/home/sebas/go/src/recetas/cockroach-data"
I181105 14:49:11.511983 24 server/config.go:493  [n?] 1 storage engine initialized
I181105 14:49:11.512063 24 server/config.go:496  [n?] RocksDB cache size: 128 MiB
I181105 14:49:11.512097 24 server/config.go:496  [n?] store 0: RocksDB, max size 0 B, max open file limit 10000
I181105 14:49:11.659968 24 gossip/gossip.go:395  [n1] NodeDescriptor set to node_id:1 address:<network_field:"tcp" address_field:"localhost:26257" > attrs:<> locality:<> ServerVersion:<major_val:2 minor_val:1 patch:0 unstable:0 > build_tag:"v2.1.0" started_at:1541429351659653139 
W181105 14:49:11.989664 202 storage/replica_range_lease.go:470  can't determine lease status due to node liveness error: node not in the liveness table
W181105 14:49:11.989796 202 storage/store.go:1652  [n1,s1,r7/1:/Table/{SystemCon…-11}] could not gossip system config: [NotLeaseHolderError] r7: replica (n1,s1):1 not lease holder; lease holder unknown
W181105 14:49:12.034832 202 storage/store.go:1652  [n1,s1,r7/1:/Table/{SystemCon…-11}] could not gossip system config: [NotLeaseHolderError] r7: replica (n1,s1):1 not lease holder; lease holder unknown
I181105 14:49:12.038831 24 storage/store.go:1547  [n1,s1] [n1,s1]: failed initial metrics computation: [n1,s1]: system config not yet available
I181105 14:49:12.039745 24 server/node.go:474  [n1] initialized store [n1,s1]: disk (capacity=99 GiB, available=73 GiB, used=606 KiB, logicalBytes=10 MiB), ranges=25, leases=0, queries=0.00, writes=0.00, bytesPerReplica={p10=0.00 p25=0.00 p50=0.00 p75=3993.00 p90=13332.00 pMax=10871496.00}, writesPerReplica={p10=0.00 p25=0.00 p50=0.00 p75=0.00 p90=0.00 pMax=0.00}
I181105 14:49:12.039939 24 storage/stores.go:242  [n1] read 0 node addresses from persistent storage
I181105 14:49:12.040350 24 server/node.go:697  [n1] connecting to gossip network to verify cluster ID...
I181105 14:49:12.040406 24 server/node.go:722  [n1] node connected via gossip and verified as part of cluster "f9d94d6e-10ed-439e-a8a2-43b38c2a8b3c"
I181105 14:49:12.040480 24 server/node.go:546  [n1] node=1: started with [<no-attributes>=/home/sebas/go/src/recetas/cockroach-data] engine(s) and attributes []
I181105 14:49:12.040960 24 server/status/recorder.go:609  [n1] available memory from cgroups (8.0 EiB) exceeds system memory 12 GiB, using system memory
I181105 14:49:12.130594 24 server/server.go:1525  [n1] starting http server at 127.0.0.1:8080 (use: localhost:8080)
I181105 14:49:12.130636 24 server/server.go:1527  [n1] starting grpc/postgres server at 127.0.0.1:26257
I181105 14:49:12.130666 24 server/server.go:1528  [n1] advertising CockroachDB node at localhost:26257
W181105 14:49:12.148914 202 storage/store.go:1652  [n1,s1,r7/1:/Table/{SystemCon…-11}] could not gossip system config: [NotLeaseHolderError] r7: replica (n1,s1):1 not lease holder; lease holder unknown
W181105 14:49:12.153607 24 jobs/registry.go:315  [n1] unable to get node liveness: node not in the liveness table
I181105 14:49:12.239300 262 storage/node_liveness.go:491  [n1,hb] heartbeat failed on epoch increment; retrying
I181105 14:49:12.321033 134 storage/replica_proposal.go:211  [n1,s1,r4/1:/System/{NodeLive…-tsd}] new range lease repl=(n1,s1):1 seq=4 start=1541429351.972557609,0 epo=1 pro=1541429352.238049237,0 following repl=(n1,s1):1 seq=3 start=1541424135.378222846,0 epo=1 pro=1541424144.383685392,0
I181105 14:49:12.321936 24 server/server.go:1581  [n1] done ensuring all necessary migrations have run
I181105 14:49:12.321989 24 server/server.go:1584  [n1] serving sql connections
I181105 14:49:12.414527 24 cli/start.go:680  [config] clusterID: f9d94d6e-10ed-439e-a8a2-43b38c2a8b3c
I181105 14:49:12.414633 24 cli/start.go:688  node startup completed:
CockroachDB node starting at 2018-11-05 14:49:12.414336796 +0000 UTC (took 3.9s)
build:               CCL v2.1.0 @ 2018/10/30 12:32:34 (go1.10.3)
webui:               http://localhost:8080
sql:                 postgresql://root@localhost:26257?sslmode=disable
client flags:        cockroach <client cmd> --host=localhost:26257 --insecure
logs:                /home/sebas/go/src/recetas/cockroach-data/logs
temp dir:            /home/sebas/go/src/recetas/cockroach-data/cockroach-temp268333084
external I/O path:   /home/sebas/go/src/recetas/cockroach-data/extern
store[0]:            path=/home/sebas/go/src/recetas/cockroach-data
status:              restarted pre-existing node
clusterID:           f9d94d6e-10ed-439e-a8a2-43b38c2a8b3c
nodeID:              1
I181105 14:49:12.438628 135 storage/replica_proposal.go:211  [n1,s1,r5/1:/System/ts{d-e}] new range lease repl=(n1,s1):1 seq=4 start=1541429351.979892960,0 epo=1 pro=1541429352.238883147,0 following repl=(n1,s1):1 seq=3 start=1541424135.378222846,0 epo=1 pro=1541424144.253779028,0
I181105 14:49:12.538255 136 storage/replica_proposal.go:211  [n1,s1,r7/1:/Table/{SystemCon…-11}] new range lease repl=(n1,s1):1 seq=4 start=1541429351.980983316,0 epo=1 pro=1541429352.367429674,0 following repl=(n1,s1):1 seq=3 start=1541424135.378222846,0 epo=1 pro=1541424144.084126725,0
I181105 14:49:12.754782 147 storage/replica_proposal.go:211  [n1,s1,r5/1:/System/ts{d-e}] new range lease repl=(n1,s1):1 seq=5 start=1541429351.979892960,0 epo=2 pro=1541429352.538320012,0 following repl=(n1,s1):1 seq=4 start=1541429351.979892960,0 epo=1 pro=1541429352.238883147,0
I181105 14:49:12.788103 156 storage/replica_proposal.go:211  [n1,s1,r7/1:/Table/{SystemCon…-11}] new range lease repl=(n1,s1):1 seq=5 start=1541429351.980983316,0 epo=2 pro=1541429352.538971157,0 following repl=(n1,s1):1 seq=4 start=1541429351.980983316,0 epo=1 pro=1541429352.367429674,0
I181105 14:49:13.088511 160 storage/replica_proposal.go:211  [n1,s1,r4/1:/System/{NodeLive…-tsd}] new range lease repl=(n1,s1):1 seq=5 start=1541429351.972557609,0 epo=2 pro=1541429352.908246763,0 following repl=(n1,s1):1 seq=4 start=1541429351.972557609,0 epo=1 pro=1541429352.238049237,0
I181105 14:49:13.089863 72 server/server_update.go:67  [n1] no need to upgrade, cluster already at the newest version
I181105 14:49:13.122069 146 storage/replica_proposal.go:211  [n1,s1,r9/1:/Table/1{2-3}] new range lease repl=(n1,s1):1 seq=4 start=1541429351.981908174,0 epo=2 pro=1541429352.995623865,0 following repl=(n1,s1):1 seq=3 start=1541424135.378222846,0 epo=1 pro=1541424144.314285863,0
I181105 14:49:13.230808 74 sql/event_log.go:126  [n1] Event: "node_restart", target: 1, info: {Descriptor:{NodeID:1 Address:{NetworkField:tcp AddressField:localhost:26257} Attrs: Locality: ServerVersion:2.1 BuildTag:v2.1.0 StartedAt:1541429351659653139 LocalityAddress:[]} ClusterID:f9d94d6e-10ed-439e-a8a2-43b38c2a8b3c StartedAt:1541429351659653139 LastUp:1541428830920573739}
I181105 14:49:13.674355 128 gossip/gossip.go:1513  [n1] node has connected to cluster via gossip
I181105 14:49:13.674648 128 storage/stores.go:261  [n1] wrote 0 node addresses to persistent storage
I181105 14:49:14.055986 143 storage/replica_proposal.go:211  [n1,s1,r8/1:/Table/1{1-2}] new range lease repl=(n1,s1):1 seq=4 start=1541429351.981389295,0 epo=2 pro=1541429353.991334238,0 following repl=(n1,s1):1 seq=3 start=1541424135.378222846,0 epo=1 pro=1541424145.000747862,0
I181105 14:49:15.064422 175 storage/replica_proposal.go:211  [n1,s1,r19/1:/Table/2{2-3}] new range lease repl=(n1,s1):1 seq=4 start=1541429351.985796961,0 epo=2 pro=1541429354.991862723,0 following repl=(n1,s1):1 seq=3 start=1541424135.378222846,0 epo=1 pro=1541424144.371089641,0
I181105 14:49:17.064795 177 storage/replica_proposal.go:211  [n1,s1,r11/1:/Table/1{4-5}] new range lease repl=(n1,s1):1 seq=4 start=1541429351.982785506,0 epo=2 pro=1541429356.993362099,0 following repl=(n1,s1):1 seq=3 start=1541424135.378222846,0 epo=1 pro=1541424144.947682593,0
I181105 14:49:18.315370 183 storage/replica_proposal.go:211  [n1,s1,r23/1:/Table/5{2-3}] new range lease repl=(n1,s1):1 seq=4 start=1541429351.987181979,0 epo=2 pro=1541429357.993692456,0 following repl=(n1,s1):1 seq=3 start=1541424135.378222846,0 epo=1 pro=1541424144.063055408,0
I181105 14:49:20.066300 193 storage/replica_proposal.go:211  [n1,s1,r18/1:/Table/2{1-2}] new range lease repl=(n1,s1):1 seq=4 start=1541429351.985433670,0 epo=2 pro=1541429359.994994069,0 following repl=(n1,s1):1 seq=3 start=1541424135.378222846,0 epo=1 pro=1541424145.118428575,0
I181105 14:49:22.042454 234 storage/store.go:4472  [n1,s1] sstables (read amplification = 1):
6 [ 422K 1 ]: 422K
I181105 14:49:22.042712 234 storage/store.go:4473  [n1,s1] 
** Compaction Stats [default] **
Level    Files   Size     Score Read(GB)  Rn(GB) Rnp1(GB) Write(GB) Wnew(GB) Moved(GB) W-Amp Rd(MB/s) Wr(MB/s) Comp(sec) Comp(cnt) Avg(sec) KeyIn KeyDrop
----------------------------------------------------------------------------------------------------------------------------------------------------------
  L0      0/0    0.00 KB   0.0      0.0     0.0      0.0       0.0      0.0       0.0   1.0      0.0      0.7         0         1    0.169       0      0
  L6      1/0   421.84 KB   0.0      0.0     0.0      0.0       0.0      0.0       0.0   0.8      1.4      1.2         0         1    0.349    4667   1621
 Sum      1/0   421.84 KB   0.0      0.0     0.0      0.0       0.0      0.0       0.0   4.6      1.0      1.0         1         2    0.259    4667   1621
 Int      0/0    0.00 KB   0.0      0.0     0.0      0.0       0.0      0.0       0.0   4.6      1.0      1.0         1         2    0.259    4667   1621
Uptime(secs): 11.4 total, 11.4 interval
Flush(GB): cumulative 0.000, interval 0.000
AddFile(GB): cumulative 0.000, interval 0.000
AddFile(Total Files): cumulative 0, interval 0
AddFile(L0 Files): cumulative 0, interval 0
AddFile(Keys): cumulative 0, interval 0
Cumulative compaction: 0.00 GB write, 0.05 MB/s write, 0.00 GB read, 0.04 MB/s read, 0.5 seconds
Interval compaction: 0.00 GB write, 0.05 MB/s write, 0.00 GB read, 0.04 MB/s read, 0.5 seconds
Stalls(count): 0 level0_slowdown, 0 level0_slowdown_with_compaction, 0 level0_numfiles, 0 level0_numfiles_with_compaction, 0 stop for pending_compaction_bytes, 0 slowdown for pending_compaction_bytes, 0 memtable_compaction, 0 memtable_slowdown, interval 0 total count
estimated_pending_compaction_bytes: 0 B
I181105 14:49:22.043077 239 server/status/runtime.go:465  [n1] runtime stats: 76 MiB RSS, 160 goroutines, 75 MiB/5.0 MiB/93 MiB GO alloc/idle/total, 16 MiB/23 MiB CGO alloc/total, 0.0 CGO/sec, 0.0/0.0 %(u/s)time, 0.0 %gc (8x), 2.1 KiB/2.1 KiB (r/w)net
I181105 14:49:22.136057 155 storage/replica_proposal.go:211  [n1,s1,r17/1:/Table/2{0-1}] new range lease repl=(n1,s1):1 seq=4 start=1541429351.985042014,0 epo=2 pro=1541429361.996034702,0 following repl=(n1,s1):1 seq=3 start=1541424135.378222846,0 epo=1 pro=1541424144.883320922,0
I181105 14:49:23.249590 136 storage/replica_proposal.go:211  [n1,s1,r6/1:/{System/tse-Table/System…}] new range lease repl=(n1,s1):1 seq=4 start=1541429351.980622189,0 epo=2 pro=1541429362.996917869,0 following repl=(n1,s1):1 seq=3 start=1541424135.378222846,0 epo=1 pro=1541424145.179282885,0
I181105 14:49:24.107354 162 storage/replica_proposal.go:211  [n1,s1,r12/1:/Table/1{5-6}] new range lease repl=(n1,s1):1 seq=4 start=1541429351.983146988,0 epo=2 pro=1541429363.997705730,0 following repl=(n1,s1):1 seq=3 start=1541424135.378222846,0 epo=1 pro=1541424144.719812279,0
I181105 14:49:25.065692 156 storage/replica_proposal.go:211  [n1,s1,r15/1:/Table/1{8-9}] new range lease repl=(n1,s1):1 seq=4 start=1541429351.984331486,0 epo=2 pro=1541429364.998193480,0 following repl=(n1,s1):1 seq=3 start=1541424135.378222846,0 epo=1 pro=1541424144.508113544,0
I181105 14:49:26.067174 159 storage/replica_proposal.go:211  [n1,s1,r21/1:/Table/5{0-1}] new range lease repl=(n1,s1):1 seq=4 start=1541429351.986493585,0 epo=2 pro=1541429365.998807771,0 following repl=(n1,s1):1 seq=3 start=1541424135.378222846,0 epo=1 pro=1541424144.431120524,0
I181105 14:49:27.151756 143 storage/replica_proposal.go:211  [n1,s1,r22/1:/Table/5{1-2}] new range lease repl=(n1,s1):1 seq=4 start=1541429351.986845839,0 epo=2 pro=1541429366.999473310,0 following repl=(n1,s1):1 seq=3 start=1541424135.378222846,0 epo=1 pro=1541424144.063055408,0
I181105 14:49:28.274839 175 storage/replica_proposal.go:211  [n1,s1,r14/1:/Table/1{7-8}] new range lease repl=(n1,s1):1 seq=4 start=1541429351.983829921,0 epo=2 pro=1541429368.000173515,0 following repl=(n1,s1):1 seq=3 start=1541424135.378222846,0 epo=1 pro=1541424144.639451998,0
I181105 14:49:29.071867 179 storage/replica_proposal.go:211  [n1,s1,r16/1:/Table/{19-20}] new range lease repl=(n1,s1):1 seq=4 start=1541429351.984685556,0 epo=2 pro=1541429369.000717176,0 following repl=(n1,s1):1 seq=3 start=1541424135.378222846,0 epo=1 pro=1541424145.235640706,0
I181105 14:49:31.249223 173 storage/replica_proposal.go:211  [n1,s1,r20/1:/Table/{23-50}] new range lease repl=(n1,s1):1 seq=4 start=1541429351.986148262,0 epo=2 pro=1541429371.002150924,0 following repl=(n1,s1):1 seq=3 start=1541424135.378222846,0 epo=1 pro=1541424145.064385605,0
I181105 14:49:32.044865 239 server/status/runtime.go:465  [n1] runtime stats: 118 MiB RSS, 163 goroutines, 84 MiB/31 MiB/129 MiB GO alloc/idle/total, 17 MiB/24 MiB CGO alloc/total, 74.3 CGO/sec, 3.4/0.5 %(u/s)time, 0.0 %gc (1x), 132 KiB/54 KiB (r/w)net
I181105 14:49:32.116513 196 storage/replica_proposal.go:211  [n1,s1,r13/1:/Table/1{6-7}] new range lease repl=(n1,s1):1 seq=4 start=1541429351.983493386,0 epo=2 pro=1541429372.002460970,0 following repl=(n1,s1):1 seq=3 start=1541424135.378222846,0 epo=1 pro=1541424144.839328432,0
I181105 14:49:33.075429 154 storage/replica_proposal.go:211  [n1,s1,r25/1:/{Table/54-Max}] new range lease repl=(n1,s1):1 seq=4 start=1541429351.987890308,0 epo=2 pro=1541429373.003198077,0 following repl=(n1,s1):1 seq=3 start=1541424135.378222846,0 epo=1 pro=1541424144.063055408,0
I181105 14:49:34.092687 163 storage/replica_proposal.go:211  [n1,s1,r10/1:/Table/1{3-4}] new range lease repl=(n1,s1):1 seq=4 start=1541429351.982273759,0 epo=2 pro=1541429374.003723517,0 following repl=(n1,s1):1 seq=3 start=1541424135.378222846,0 epo=1 pro=1541424144.119671141,0
I181105 14:49:36.144102 136 storage/replica_proposal.go:211  [n1,s1,r24/1:/Table/5{3-4}] new range lease repl=(n1,s1):1 seq=4 start=1541429351.987525974,0 epo=2 pro=1541429376.005098046,0 following repl=(n1,s1):1 seq=3 start=1541424135.378222846,0 epo=1 pro=1541424144.063055408,0
I181105 14:49:42.046586 239 server/status/runtime.go:465  [n1] runtime stats: 150 MiB RSS, 174 goroutines, 127 MiB/16 MiB/159 MiB GO alloc/idle/total, 18 MiB/25 MiB CGO alloc/total, 559.5 CGO/sec, 5.7/0.2 %(u/s)time, 0.0 %gc (1x), 254 KiB/253 KiB (r/w)net
I181105 14:49:52.048216 239 server/status/runtime.go:465  [n1] runtime stats: 151 MiB RSS, 174 goroutines, 133 MiB/11 MiB/159 MiB GO alloc/idle/total, 18 MiB/25 MiB CGO alloc/total, 23.7 CGO/sec, 0.9/0.3 %(u/s)time, 0.0 %gc (0x), 9.6 KiB/12 KiB (r/w)net
I181105 14:50:02.049830 239 server/status/runtime.go:465  [n1] runtime stats: 152 MiB RSS, 176 goroutines, 139 MiB/5.0 MiB/159 MiB GO alloc/idle/total, 18 MiB/25 MiB CGO alloc/total, 35.5 CGO/sec, 1.0/0.2 %(u/s)time, 0.0 %gc (0x), 8.2 KiB/8.5 KiB (r/w)net
I181105 14:50:12.040895 235 gossip/gossip.go:557  [n1] gossip status (ok, 1 node)
gossip client (0/3 cur/max conns)
gossip server (0/3 cur/max conns, infos 0/0 sent/received, bytes 0B/0B sent/received)
gossip connectivity
  n1 [sentinel];
I181105 14:50:12.051906 239 server/status/runtime.go:465  [n1] runtime stats: 154 MiB RSS, 178 goroutines, 145 MiB/792 KiB/161 MiB GO alloc/idle/total, 18 MiB/25 MiB CGO alloc/total, 32.4 CGO/sec, 1.0/0.4 %(u/s)time, 0.0 %gc (0x), 152 KiB/22 KiB (r/w)net
W181105 14:50:13.450606 162 storage/store.go:3910  [n1,s1] handle raft ready: 0.6s [processed=1]
I181105 14:50:22.053642 239 server/status/runtime.go:465  [n1] runtime stats: 158 MiB RSS, 176 goroutines, 151 MiB/992 KiB/168 MiB GO alloc/idle/total, 18 MiB/25 MiB CGO alloc/total, 28.0 CGO/sec, 0.8/0.3 %(u/s)time, 0.0 %gc (0x), 606 KiB/130 KiB (r/w)net
I181105 14:50:32.055440 239 server/status/runtime.go:465  [n1] runtime stats: 162 MiB RSS, 176 goroutines, 80 MiB/73 MiB/171 MiB GO alloc/idle/total, 18 MiB/25 MiB CGO alloc/total, 20.0 CGO/sec, 1.0/0.3 %(u/s)time, 0.0 %gc (1x), 210 KiB/41 KiB (r/w)net
I181105 14:50:42.055996 239 server/status/runtime.go:465  [n1] runtime stats: 163 MiB RSS, 176 goroutines, 87 MiB/66 MiB/171 MiB GO alloc/idle/total, 18 MiB/25 MiB CGO alloc/total, 20.3 CGO/sec, 0.8/0.3 %(u/s)time, 0.0 %gc (0x), 233 KiB/41 KiB (r/w)net
I181105 14:50:52.057742 239 server/status/runtime.go:465  [n1] runtime stats: 163 MiB RSS, 176 goroutines, 92 MiB/61 MiB/171 MiB GO alloc/idle/total, 18 MiB/25 MiB CGO alloc/total, 26.4 CGO/sec, 1.0/0.1 %(u/s)time, 0.0 %gc (0x), 9.6 KiB/19 KiB (r/w)net
I181105 14:51:02.059408 239 server/status/runtime.go:465  [n1] runtime stats: 163 MiB RSS, 176 goroutines, 98 MiB/56 MiB/171 MiB GO alloc/idle/total, 18 MiB/26 MiB CGO alloc/total, 22.9 CGO/sec, 0.8/0.2 %(u/s)time, 0.0 %gc (0x), 5.8 KiB/5.8 KiB (r/w)net
I181105 14:51:12.040828 235 gossip/gossip.go:557  [n1] gossip status (ok, 1 node)
gossip client (0/3 cur/max conns)
gossip server (0/3 cur/max conns, infos 0/0 sent/received, bytes 0B/0B sent/received)
W181105 14:51:12.055150 144 storage/store.go:3910  [n1,s1] handle raft ready: 0.8s [processed=1]
I181105 14:51:12.061111 239 server/status/runtime.go:465  [n1] runtime stats: 164 MiB RSS, 178 goroutines, 104 MiB/50 MiB/171 MiB GO alloc/idle/total, 18 MiB/26 MiB CGO alloc/total, 22.9 CGO/sec, 0.8/0.2 %(u/s)time, 0.0 %gc (0x), 42 KiB/20 KiB (r/w)net
I181105 14:51:22.063026 239 server/status/runtime.go:465  [n1] runtime stats: 164 MiB RSS, 176 goroutines, 109 MiB/45 MiB/171 MiB GO alloc/idle/total, 18 MiB/26 MiB CGO alloc/total, 27.1 CGO/sec, 1.0/0.2 %(u/s)time, 0.0 %gc (0x), 301 KiB/17 KiB (r/w)net
I181105 14:51:32.064857 239 server/status/runtime.go:465  [n1] runtime stats: 164 MiB RSS, 176 goroutines, 116 MiB/38 MiB/171 MiB GO alloc/idle/total, 18 MiB/26 MiB CGO alloc/total, 27.8 CGO/sec, 0.8/0.3 %(u/s)time, 0.0 %gc (0x), 17 KiB/18 KiB (r/w)net
I181105 14:51:42.066526 239 server/status/runtime.go:465  [n1] runtime stats: 165 MiB RSS, 176 goroutines, 122 MiB/33 MiB/171 MiB GO alloc/idle/total, 18 MiB/26 MiB CGO alloc/total, 19.1 CGO/sec, 0.5/0.6 %(u/s)time, 0.0 %gc (0x), 24 KiB/30 KiB (r/w)net
I181105 14:51:52.068184 239 server/status/runtime.go:465  [n1] runtime stats: 165 MiB RSS, 176 goroutines, 127 MiB/28 MiB/171 MiB GO alloc/idle/total, 18 MiB/26 MiB CGO alloc/total, 28.6 CGO/sec, 1.0/0.1 %(u/s)time, 0.0 %gc (0x), 40 KiB/59 KiB (r/w)net
I181105 14:52:02.070081 239 server/status/runtime.go:465  [n1] runtime stats: 166 MiB RSS, 176 goroutines, 133 MiB/22 MiB/171 MiB GO alloc/idle/total, 18 MiB/26 MiB CGO alloc/total, 20.3 CGO/sec, 0.8/0.2 %(u/s)time, 0.0 %gc (0x), 8.5 KiB/7.5 KiB (r/w)net
I181105 14:52:12.040843 235 gossip/gossip.go:557  [n1] gossip status (ok, 1 node)
gossip client (0/3 cur/max conns)
gossip server (0/3 cur/max conns, infos 0/0 sent/received, bytes 0B/0B sent/received)
I181105 14:52:12.071791 239 server/status/runtime.go:465  [n1] runtime stats: 166 MiB RSS, 178 goroutines, 139 MiB/16 MiB/171 MiB GO alloc/idle/total, 18 MiB/26 MiB CGO alloc/total, 35.9 CGO/sec, 0.9/0.4 %(u/s)time, 0.0 %gc (0x), 22 KiB/11 KiB (r/w)net
I181105 14:52:22.073605 239 server/status/runtime.go:465  [n1] runtime stats: 166 MiB RSS, 176 goroutines, 78 MiB/74 MiB/171 MiB GO alloc/idle/total, 18 MiB/26 MiB CGO alloc/total, 28.6 CGO/sec, 1.5/0.1 %(u/s)time, 0.0 %gc (1x), 41 KiB/21 KiB (r/w)net
I181105 14:52:32.075450 239 server/status/runtime.go:465  [n1] runtime stats: 166 MiB RSS, 176 goroutines, 86 MiB/67 MiB/171 MiB GO alloc/idle/total, 18 MiB/26 MiB CGO alloc/total, 22.5 CGO/sec, 0.9/0.4 %(u/s)time, 0.0 %gc (0x), 5.0 KiB/5.0 KiB (r/w)net
I181105 14:52:42.077161 239 server/status/runtime.go:465  [n1] runtime stats: 166 MiB RSS, 176 goroutines, 92 MiB/61 MiB/171 MiB GO alloc/idle/total, 18 MiB/26 MiB CGO alloc/total, 20.4 CGO/sec, 0.7/0.3 %(u/s)time, 0.0 %gc (0x), 18 KiB/18 KiB (r/w)net
I181105 14:52:52.079017 239 server/status/runtime.go:465  [n1] runtime stats: 167 MiB RSS, 176 goroutines, 99 MiB/55 MiB/171 MiB GO alloc/idle/total, 18 MiB/26 MiB CGO alloc/total, 25.2 CGO/sec, 0.8/0.4 %(u/s)time, 0.0 %gc (0x), 14 KiB/9.7 KiB (r/w)net
I181105 14:53:02.080696 239 server/status/runtime.go:465  [n1] runtime stats: 168 MiB RSS, 176 goroutines, 104 MiB/50 MiB/171 MiB GO alloc/idle/total, 18 MiB/26 MiB CGO alloc/total, 24.1 CGO/sec, 1.0/0.3 %(u/s)time, 0.0 %gc (0x), 8.0 KiB/8.5 KiB (r/w)net
I181105 14:53:12.040867 235 gossip/gossip.go:557  [n1] gossip status (ok, 1 node)
gossip client (0/3 cur/max conns)
gossip server (0/3 cur/max conns, infos 0/0 sent/received, bytes 0B/0B sent/received)
I181105 14:53:12.082495 239 server/status/runtime.go:465  [n1] runtime stats: 168 MiB RSS, 176 goroutines, 110 MiB/44 MiB/171 MiB GO alloc/idle/total, 18 MiB/26 MiB CGO alloc/total, 27.4 CGO/sec, 0.9/0.2 %(u/s)time, 0.0 %gc (0x), 8.8 KiB/9.5 KiB (r/w)net
I181105 14:53:22.084581 239 server/status/runtime.go:465  [n1] runtime stats: 168 MiB RSS, 176 goroutines, 116 MiB/38 MiB/171 MiB GO alloc/idle/total, 18 MiB/26 MiB CGO alloc/total, 21.5 CGO/sec, 0.8/0.4 %(u/s)time, 0.0 %gc (0x), 20 KiB/18 KiB (r/w)net
I181105 14:53:32.086358 239 server/status/runtime.go:465  [n1] runtime stats: 168 MiB RSS, 176 goroutines, 122 MiB/33 MiB/171 MiB GO alloc/idle/total, 18 MiB/26 MiB CGO alloc/total, 21.4 CGO/sec, 1.0/0.1 %(u/s)time, 0.0 %gc (0x), 15 KiB/10 KiB (r/w)net
I181105 14:53:42.088257 239 server/status/runtime.go:465  [n1] runtime stats: 168 MiB RSS, 176 goroutines, 127 MiB/28 MiB/171 MiB GO alloc/idle/total, 18 MiB/26 MiB CGO alloc/total, 20.3 CGO/sec, 0.8/0.3 %(u/s)time, 0.0 %gc (0x), 7.4 KiB/7.3 KiB (r/w)net
I181105 14:53:52.090129 239 server/status/runtime.go:465  [n1] runtime stats: 168 MiB RSS, 176 goroutines, 133 MiB/22 MiB/171 MiB GO alloc/idle/total, 18 MiB/26 MiB CGO alloc/total, 29.8 CGO/sec, 1.0/0.4 %(u/s)time, 0.0 %gc (0x), 20 KiB/16 KiB (r/w)net
I181105 14:54:02.091780 239 server/status/runtime.go:465  [n1] runtime stats: 169 MiB RSS, 176 goroutines, 138 MiB/17 MiB/171 MiB GO alloc/idle/total, 18 MiB/26 MiB CGO alloc/total, 18.0 CGO/sec, 0.8/0.2 %(u/s)time, 0.0 %gc (0x), 4.9 KiB/4.9 KiB (r/w)net
I181105 14:54:12.040868 235 gossip/gossip.go:557  [n1] gossip status (ok, 1 node)
gossip client (0/3 cur/max conns)
gossip server (0/3 cur/max conns, infos 0/0 sent/received, bytes 0B/0B sent/received)
I181105 14:54:12.093402 239 server/status/runtime.go:465  [n1] runtime stats: 170 MiB RSS, 176 goroutines, 76 MiB/76 MiB/171 MiB GO alloc/idle/total, 18 MiB/27 MiB CGO alloc/total, 39.0 CGO/sec, 1.5/0.3 %(u/s)time, 0.0 %gc (1x), 6.7 KiB/6.8 KiB (r/w)net
I181105 14:54:22.095103 239 server/status/runtime.go:465  [n1] runtime stats: 170 MiB RSS, 176 goroutines, 84 MiB/69 MiB/171 MiB GO alloc/idle/total, 18 MiB/27 MiB CGO alloc/total, 21.5 CGO/sec, 1.0/0.2 %(u/s)time, 0.0 %gc (0x), 12 KiB/7.9 KiB (r/w)net
I181105 14:54:32.096749 239 server/status/runtime.go:465  [n1] runtime stats: 170 MiB RSS, 176 goroutines, 90 MiB/63 MiB/171 MiB GO alloc/idle/total, 18 MiB/27 MiB CGO alloc/total, 26.3 CGO/sec, 1.0/0.3 %(u/s)time, 0.0 %gc (0x), 8.6 KiB/9.0 KiB (r/w)net
I181105 14:54:42.098589 239 server/status/runtime.go:465  [n1] runtime stats: 170 MiB RSS, 171 goroutines, 97 MiB/57 MiB/171 MiB GO alloc/idle/total, 18 MiB/27 MiB CGO alloc/total, 21.4 CGO/sec, 0.8/0.4 %(u/s)time, 0.0 %gc (0x), 8.0 KiB/7.7 KiB (r/w)net
I181105 14:54:52.099247 239 server/status/runtime.go:465  [n1] runtime stats: 170 MiB RSS, 171 goroutines, 102 MiB/52 MiB/171 MiB GO alloc/idle/total, 18 MiB/27 MiB CGO alloc/total, 24.9 CGO/sec, 0.8/0.4 %(u/s)time, 0.0 %gc (0x), 6.3 KiB/6.3 KiB (r/w)net
I181105 14:55:02.101136 239 server/status/runtime.go:465  [n1] runtime stats: 171 MiB RSS, 171 goroutines, 108 MiB/46 MiB/171 MiB GO alloc/idle/total, 18 MiB/27 MiB CGO alloc/total, 20.6 CGO/sec, 0.9/0.2 %(u/s)time, 0.0 %gc (0x), 12 KiB/8.4 KiB (r/w)net
I181105 14:55:12.040802 235 gossip/gossip.go:557  [n1] gossip status (ok, 1 node)
gossip client (0/3 cur/max conns)
gossip server (0/3 cur/max conns, infos 0/0 sent/received, bytes 0B/0B sent/received)
I181105 14:55:12.102820 239 server/status/runtime.go:465  [n1] runtime stats: 171 MiB RSS, 171 goroutines, 114 MiB/41 MiB/171 MiB GO alloc/idle/total, 18 MiB/27 MiB CGO alloc/total, 24.8 CGO/sec, 0.7/0.5 %(u/s)time, 0.0 %gc (0x), 10 KiB/10 KiB (r/w)net
I181105 14:55:22.104700 239 server/status/runtime.go:465  [n1] runtime stats: 171 MiB RSS, 171 goroutines, 120 MiB/35 MiB/171 MiB GO alloc/idle/total, 18 MiB/27 MiB CGO alloc/total, 25.3 CGO/sec, 0.9/0.2 %(u/s)time, 0.0 %gc (0x), 14 KiB/14 KiB (r/w)net
I181105 14:55:32.106399 239 server/status/runtime.go:465  [n1] runtime stats: 171 MiB RSS, 171 goroutines, 125 MiB/30 MiB/171 MiB GO alloc/idle/total, 18 MiB/27 MiB CGO alloc/total, 21.4 CGO/sec, 0.9/0.3 %(u/s)time, 0.0 %gc (0x), 55 KiB/21 KiB (r/w)net
I181105 14:55:42.108230 239 server/status/runtime.go:465  [n1] runtime stats: 171 MiB RSS, 171 goroutines, 131 MiB/25 MiB/171 MiB GO alloc/idle/total, 18 MiB/27 MiB CGO alloc/total, 20.3 CGO/sec, 0.8/0.2 %(u/s)time, 0.0 %gc (0x), 106 KiB/29 KiB (r/w)net
I181105 14:55:52.110157 239 server/status/runtime.go:465  [n1] runtime stats: 171 MiB RSS, 171 goroutines, 136 MiB/19 MiB/171 MiB GO alloc/idle/total, 18 MiB/27 MiB CGO alloc/total, 23.7 CGO/sec, 0.7/0.4 %(u/s)time, 0.0 %gc (0x), 13 KiB/14 KiB (r/w)net
I181105 14:56:02.111830 239 server/status/runtime.go:465  [n1] runtime stats: 171 MiB RSS, 171 goroutines, 142 MiB/13 MiB/171 MiB GO alloc/idle/total, 18 MiB/27 MiB CGO alloc/total, 21.5 CGO/sec, 1.0/0.3 %(u/s)time, 0.0 %gc (0x), 14 KiB/9.6 KiB (r/w)net
I181105 14:56:12.040930 235 gossip/gossip.go:557  [n1] gossip status (ok, 1 node)
gossip client (0/3 cur/max conns)
gossip server (0/3 cur/max conns, infos 0/0 sent/received, bytes 0B/0B sent/received)
I181105 14:56:12.113784 239 server/status/runtime.go:465  [n1] runtime stats: 171 MiB RSS, 171 goroutines, 81 MiB/71 MiB/171 MiB GO alloc/idle/total, 18 MiB/27 MiB CGO alloc/total, 26.3 CGO/sec, 0.9/0.4 %(u/s)time, 0.0 %gc (1x), 8.1 KiB/8.1 KiB (r/w)net
I181105 14:56:22.115611 239 server/status/runtime.go:465  [n1] runtime stats: 171 MiB RSS, 171 goroutines, 88 MiB/65 MiB/171 MiB GO alloc/idle/total, 18 MiB/27 MiB CGO alloc/total, 23.8 CGO/sec, 1.2/0.1 %(u/s)time, 0.0 %gc (0x), 7.8 KiB/7.8 KiB (r/w)net
I181105 14:56:32.117384 239 server/status/runtime.go:465  [n1] runtime stats: 172 MiB RSS, 171 goroutines, 94 MiB/60 MiB/171 MiB GO alloc/idle/total, 18 MiB/27 MiB CGO alloc/total, 20.2 CGO/sec, 0.8/0.3 %(u/s)time, 0.0 %gc (0x), 90 KiB/25 KiB (r/w)net
I181105 14:56:42.119395 239 server/status/runtime.go:465  [n1] runtime stats: 172 MiB RSS, 171 goroutines, 99 MiB/55 MiB/171 MiB GO alloc/idle/total, 18 MiB/27 MiB CGO alloc/total, 22.7 CGO/sec, 0.9/0.3 %(u/s)time, 0.0 %gc (0x), 14 KiB/9.6 KiB (r/w)net
I181105 14:56:52.121045 239 server/status/runtime.go:465  [n1] runtime stats: 172 MiB RSS, 171 goroutines, 105 MiB/49 MiB/171 MiB GO alloc/idle/total, 18 MiB/27 MiB CGO alloc/total, 39.0 CGO/sec, 1.0/0.4 %(u/s)time, 0.0 %gc (0x), 30 KiB/11 KiB (r/w)net
I181105 14:57:02.122879 239 server/status/runtime.go:465  [n1] runtime stats: 172 MiB RSS, 171 goroutines, 111 MiB/44 MiB/171 MiB GO alloc/idle/total, 18 MiB/27 MiB CGO alloc/total, 20.6 CGO/sec, 0.7/0.2 %(u/s)time, 0.0 %gc (0x), 3.9 KiB/4.0 KiB (r/w)net
I181105 14:57:12.040781 235 gossip/gossip.go:557  [n1] gossip status (ok, 1 node)
gossip client (0/3 cur/max conns)
gossip server (0/3 cur/max conns, infos 0/0 sent/received, bytes 0B/0B sent/received)
I181105 14:57:12.124610 239 server/status/runtime.go:465  [n1] runtime stats: 172 MiB RSS, 171 goroutines, 117 MiB/37 MiB/171 MiB GO alloc/idle/total, 18 MiB/27 MiB CGO alloc/total, 27.4 CGO/sec, 0.6/0.6 %(u/s)time, 0.0 %gc (0x), 7.2 KiB/7.1 KiB (r/w)net
I181105 14:57:22.126261 239 server/status/runtime.go:465  [n1] runtime stats: 172 MiB RSS, 171 goroutines, 124 MiB/31 MiB/171 MiB GO alloc/idle/total, 18 MiB/27 MiB CGO alloc/total, 21.5 CGO/sec, 0.9/0.2 %(u/s)time, 0.0 %gc (0x), 16 KiB/12 KiB (r/w)net
I181105 14:57:32.128130 239 server/status/runtime.go:465  [n1] runtime stats: 172 MiB RSS, 171 goroutines, 130 MiB/26 MiB/171 MiB GO alloc/idle/total, 18 MiB/27 MiB CGO alloc/total, 25.2 CGO/sec, 0.9/0.3 %(u/s)time, 0.0 %gc (0x), 3.9 KiB/4.0 KiB (r/w)net
I181105 14:57:42.129888 239 server/status/runtime.go:465  [n1] runtime stats: 172 MiB RSS, 171 goroutines, 135 MiB/20 MiB/171 MiB GO alloc/idle/total, 26 MiB/35 MiB CGO alloc/total, 20.3 CGO/sec, 1.0/0.1 %(u/s)time, 0.0 %gc (0x), 7.4 KiB/8.1 KiB (r/w)net
I181105 14:57:52.131835 239 server/status/runtime.go:465  [n1] runtime stats: 172 MiB RSS, 171 goroutines, 141 MiB/14 MiB/171 MiB GO alloc/idle/total, 26 MiB/35 MiB CGO alloc/total, 23.7 CGO/sec, 0.7/0.5 %(u/s)time, 0.0 %gc (0x), 14 KiB/9.4 KiB (r/w)net
I181105 14:58:02.133636 239 server/status/runtime.go:465  [n1] runtime stats: 173 MiB RSS, 171 goroutines, 80 MiB/72 MiB/171 MiB GO alloc/idle/total, 26 MiB/35 MiB CGO alloc/total, 20.3 CGO/sec, 1.0/0.1 %(u/s)time, 0.0 %gc (1x), 4.3 KiB/4.4 KiB (r/w)net
I181105 14:58:12.040854 235 gossip/gossip.go:557  [n1] gossip status (ok, 1 node)
gossip client (0/3 cur/max conns)
gossip server (0/3 cur/max conns, infos 0/0 sent/received, bytes 0B/0B sent/received)
I181105 14:58:12.135196 239 server/status/runtime.go:465  [n1] runtime stats: 173 MiB RSS, 171 goroutines, 85 MiB/67 MiB/171 MiB GO alloc/idle/total, 26 MiB/35 MiB CGO alloc/total, 27.0 CGO/sec, 0.8/0.4 %(u/s)time, 0.0 %gc (0x), 9.9 KiB/11 KiB (r/w)net
I181105 14:58:22.136881 239 server/status/runtime.go:465  [n1] runtime stats: 173 MiB RSS, 171 goroutines, 91 MiB/62 MiB/171 MiB GO alloc/idle/total, 26 MiB/35 MiB CGO alloc/total, 26.9 CGO/sec, 0.9/0.2 %(u/s)time, 0.0 %gc (0x), 13 KiB/8.9 KiB (r/w)net
I181105 14:58:32.138627 239 server/status/runtime.go:465  [n1] runtime stats: 173 MiB RSS, 171 goroutines, 98 MiB/56 MiB/171 MiB GO alloc/idle/total, 26 MiB/35 MiB CGO alloc/total, 20.2 CGO/sec, 0.6/0.4 %(u/s)time, 0.0 %gc (0x), 3.9 KiB/3.9 KiB (r/w)net
I181105 14:58:42.140330 239 server/status/runtime.go:465  [n1] runtime stats: 174 MiB RSS, 171 goroutines, 103 MiB/51 MiB/171 MiB GO alloc/idle/total, 26 MiB/35 MiB CGO alloc/total, 22.9 CGO/sec, 0.9/0.1 %(u/s)time, 0.0 %gc (0x), 7.5 KiB/7.4 KiB (r/w)net
I181105 14:58:52.142163 239 server/status/runtime.go:465  [n1] runtime stats: 174 MiB RSS, 171 goroutines, 109 MiB/45 MiB/171 MiB GO alloc/idle/total, 26 MiB/35 MiB CGO alloc/total, 24.9 CGO/sec, 0.9/0.3 %(u/s)time, 0.0 %gc (0x), 16 KiB/12 KiB (r/w)net
I181105 14:59:02.144142 239 server/status/runtime.go:465  [n1] runtime stats: 171 MiB RSS, 171 goroutines, 116 MiB/36 MiB/168 MiB GO alloc/idle/total, 26 MiB/35 MiB CGO alloc/total, 34.7 CGO/sec, 0.6/0.5 %(u/s)time, 0.0 %gc (0x), 3.7 KiB/3.8 KiB (r/w)net
I181105 14:59:12.040805 235 gossip/gossip.go:557  [n1] gossip status (ok, 1 node)
gossip client (0/3 cur/max conns)
gossip server (0/3 cur/max conns, infos 0/0 sent/received, bytes 0B/0B sent/received)
I181105 14:59:12.145850 239 server/status/runtime.go:465  [n1] runtime stats: 171 MiB RSS, 171 goroutines, 122 MiB/31 MiB/168 MiB GO alloc/idle/total, 26 MiB/35 MiB CGO alloc/total, 27.4 CGO/sec, 0.9/0.2 %(u/s)time, 0.0 %gc (0x), 9.4 KiB/9.4 KiB (r/w)net
E181105 14:59:12.991202 253 storage/queue.go:893  [n1,replicate] 25 replicas failing with "0 of 1 live stores are able to take a new replica for the range (1 already has a replica); likely not enough nodes in cluster"
I181105 14:59:22.042384 234 storage/store.go:4472  [n1,s1] sstables (read amplification = 1):
6 [ 422K 1 ]: 422K
I181105 14:59:22.042642 234 storage/store.go:4473  [n1,s1] 
** Compaction Stats [default] **
Level    Files   Size     Score Read(GB)  Rn(GB) Rnp1(GB) Write(GB) Wnew(GB) Moved(GB) W-Amp Rd(MB/s) Wr(MB/s) Comp(sec) Comp(cnt) Avg(sec) KeyIn KeyDrop
----------------------------------------------------------------------------------------------------------------------------------------------------------
  L0      0/0    0.00 KB   0.0      0.0     0.0      0.0       0.0      0.0       0.0   1.0      0.0      0.7         0         1    0.169       0      0
  L6      1/0   421.84 KB   0.0      0.0     0.0      0.0       0.0      0.0       0.0   0.8      1.4      1.2         0         1    0.349    4667   1621
 Sum      1/0   421.84 KB   0.0      0.0     0.0      0.0       0.0      0.0       0.0   4.6      1.0      1.0         1         2    0.259    4667   1621
 Int      0/0    0.00 KB   0.0      0.0     0.0      0.0       0.0      0.0       0.0   0.0      0.0      0.0         0         0    0.000       0      0
Uptime(secs): 611.4 total, 600.0 interval
Flush(GB): cumulative 0.000, interval 0.000
AddFile(GB): cumulative 0.000, interval 0.000
AddFile(Total Files): cumulative 0, interval 0
AddFile(L0 Files): cumulative 0, interval 0
AddFile(Keys): cumulative 0, interval 0
Cumulative compaction: 0.00 GB write, 0.00 MB/s write, 0.00 GB read, 0.00 MB/s read, 0.5 seconds
Interval compaction: 0.00 GB write, 0.00 MB/s write, 0.00 GB read, 0.00 MB/s read, 0.0 seconds
Stalls(count): 0 level0_slowdown, 0 level0_slowdown_with_compaction, 0 level0_numfiles, 0 level0_numfiles_with_compaction, 0 stop for pending_compaction_bytes, 0 slowdown for pending_compaction_bytes, 0 memtable_compaction, 0 memtable_slowdown, interval 0 total count
estimated_pending_compaction_bytes: 0 B
I181105 14:59:22.147492 239 server/status/runtime.go:465  [n1] runtime stats: 171 MiB RSS, 171 goroutines, 127 MiB/25 MiB/168 MiB GO alloc/idle/total, 26 MiB/35 MiB CGO alloc/total, 25.1 CGO/sec, 0.9/0.3 %(u/s)time, 0.0 %gc (0x), 14 KiB/9.2 KiB (r/w)net
I181105 14:59:32.149398 239 server/status/runtime.go:465  [n1] runtime stats: 172 MiB RSS, 171 goroutines, 133 MiB/20 MiB/168 MiB GO alloc/idle/total, 26 MiB/35 MiB CGO alloc/total, 21.4 CGO/sec, 1.0/0.2 %(u/s)time, 0.0 %gc (0x), 4.1 KiB/4.0 KiB (r/w)net
I181105 14:59:42.151023 239 server/status/runtime.go:465  [n1] runtime stats: 172 MiB RSS, 172 goroutines, 138 MiB/14 MiB/168 MiB GO alloc/idle/total, 26 MiB/35 MiB CGO alloc/total, 21.0 CGO/sec, 0.8/0.2 %(u/s)time, 0.0 %gc (0x), 7.4 KiB/8.2 KiB (r/w)net
I181105 14:59:52.152888 239 server/status/runtime.go:465  [n1] runtime stats: 172 MiB RSS, 171 goroutines, 144 MiB/8.5 MiB/168 MiB GO alloc/idle/total, 26 MiB/35 MiB CGO alloc/total, 29.1 CGO/sec, 1.0/0.1 %(u/s)time, 0.0 %gc (0x), 6.0 KiB/5.9 KiB (r/w)net
I181105 15:00:02.154646 239 server/status/runtime.go:465  [n1] runtime stats: 174 MiB RSS, 171 goroutines, 82 MiB/70 MiB/171 MiB GO alloc/idle/total, 26 MiB/35 MiB CGO alloc/total, 20.3 CGO/sec, 0.9/0.2 %(u/s)time, 0.0 %gc (1x), 12 KiB/6.4 KiB (r/w)net
I181105 15:00:12.040795 235 gossip/gossip.go:557  [n1] gossip status (ok, 1 node)
gossip client (0/3 cur/max conns)
gossip server (0/3 cur/max conns, infos 0/0 sent/received, bytes 0B/0B sent/received)
I181105 15:00:12.156461 239 server/status/runtime.go:465  [n1] runtime stats: 174 MiB RSS, 171 goroutines, 89 MiB/64 MiB/171 MiB GO alloc/idle/total, 26 MiB/35 MiB CGO alloc/total, 26.3 CGO/sec, 0.9/0.2 %(u/s)time, 0.0 %gc (0x), 7.2 KiB/7.2 KiB (r/w)net
I181105 15:00:22.158253 239 server/status/runtime.go:465  [n1] runtime stats: 174 MiB RSS, 171 goroutines, 95 MiB/59 MiB/171 MiB GO alloc/idle/total, 26 MiB/35 MiB CGO alloc/total, 21.5 CGO/sec, 0.9/0.2 %(u/s)time, 0.0 %gc (0x), 9.4 KiB/11 KiB (r/w)net
I181105 15:00:32.159999 239 server/status/runtime.go:465  [n1] runtime stats: 174 MiB RSS, 171 goroutines, 100 MiB/54 MiB/171 MiB GO alloc/idle/total, 26 MiB/35 MiB CGO alloc/total, 23.7 CGO/sec, 0.8/0.3 %(u/s)time, 0.0 %gc (0x), 87 KiB/11 KiB (r/w)net
I181105 15:00:42.161740 239 server/status/runtime.go:465  [n1] runtime stats: 174 MiB RSS, 171 goroutines, 106 MiB/48 MiB/171 MiB GO alloc/idle/total, 26 MiB/35 MiB CGO alloc/total, 18.0 CGO/sec, 0.6/0.4 %(u/s)time, 0.0 %gc (0x), 18 KiB/15 KiB (r/w)net
I181105 15:00:52.163777 239 server/status/runtime.go:465  [n1] runtime stats: 174 MiB RSS, 171 goroutines, 112 MiB/42 MiB/171 MiB GO alloc/idle/total, 26 MiB/35 MiB CGO alloc/total, 27.5 CGO/sec, 0.8/0.3 %(u/s)time, 0.0 %gc (0x), 9.3 KiB/13 KiB (r/w)net
I181105 15:01:02.165470 239 server/status/runtime.go:465  [n1] runtime stats: 174 MiB RSS, 171 goroutines, 118 MiB/37 MiB/171 MiB GO alloc/idle/total, 26 MiB/35 MiB CGO alloc/total, 20.3 CGO/sec, 0.6/0.4 %(u/s)time, 0.0 %gc (0x), 11 KiB/7.1 KiB (r/w)net
I181105 15:01:12.040846 235 gossip/gossip.go:557  [n1] gossip status (ok, 1 node)
gossip client (0/3 cur/max conns)
gossip server (0/3 cur/max conns, infos 0/0 sent/received, bytes 0B/0B sent/received)
I181105 15:01:12.167146 239 server/status/runtime.go:465  [n1] runtime stats: 174 MiB RSS, 171 goroutines, 123 MiB/31 MiB/171 MiB GO alloc/idle/total, 25 MiB/35 MiB CGO alloc/total, 26.0 CGO/sec, 0.9/0.2 %(u/s)time, 0.0 %gc (0x), 9.4 KiB/9.2 KiB (r/w)net
I181105 15:01:22.168826 239 server/status/runtime.go:465  [n1] runtime stats: 175 MiB RSS, 171 goroutines, 129 MiB/26 MiB/171 MiB GO alloc/idle/total, 25 MiB/35 MiB CGO alloc/total, 21.5 CGO/sec, 0.8/0.3 %(u/s)time, 0.0 %gc (0x), 6.0 KiB/6.0 KiB (r/w)net
I181105 15:01:32.170677 239 server/status/runtime.go:465  [n1] runtime stats: 168 MiB RSS, 171 goroutines, 135 MiB/11 MiB/161 MiB GO alloc/idle/total, 25 MiB/35 MiB CGO alloc/total, 21.4 CGO/sec, 0.7/0.2 %(u/s)time, 0.0 %gc (0x), 12 KiB/7.7 KiB (r/w)net
I181105 15:01:42.172501 239 server/status/runtime.go:465  [n1] runtime stats: 168 MiB RSS, 171 goroutines, 140 MiB/5.6 MiB/161 MiB GO alloc/idle/total, 25 MiB/35 MiB CGO alloc/total, 20.3 CGO/sec, 0.7/0.3 %(u/s)time, 0.0 %gc (0x), 20 KiB/17 KiB (r/w)net
I181105 15:01:52.174214 239 server/status/runtime.go:465  [n1] runtime stats: 170 MiB RSS, 171 goroutines, 78 MiB/66 MiB/163 MiB GO alloc/idle/total, 25 MiB/35 MiB CGO alloc/total, 36.6 CGO/sec, 1.5/0.1 %(u/s)time, 0.0 %gc (1x), 5.9 KiB/5.9 KiB (r/w)net
I181105 15:02:02.175858 239 server/status/runtime.go:465  [n1] runtime stats: 170 MiB RSS, 171 goroutines, 84 MiB/61 MiB/163 MiB GO alloc/idle/total, 25 MiB/35 MiB CGO alloc/total, 25.2 CGO/sec, 0.9/0.4 %(u/s)time, 0.0 %gc (0x), 11 KiB/6.7 KiB (r/w)net
I181105 15:02:12.040890 235 gossip/gossip.go:557  [n1] gossip status (ok, 1 node)
gossip client (0/3 cur/max conns)
gossip server (0/3 cur/max conns, infos 0/0 sent/received, bytes 0B/0B sent/received)
I181105 15:02:12.177730 239 server/status/runtime.go:465  [n1] runtime stats: 170 MiB RSS, 171 goroutines, 90 MiB/55 MiB/163 MiB GO alloc/idle/total, 25 MiB/35 MiB CGO alloc/total, 24.0 CGO/sec, 0.7/0.3 %(u/s)time, 0.0 %gc (0x), 8.1 KiB/7.1 KiB (r/w)net
I181105 15:02:22.179600 239 server/status/runtime.go:465  [n1] runtime stats: 170 MiB RSS, 171 goroutines, 96 MiB/49 MiB/163 MiB GO alloc/idle/total, 25 MiB/35 MiB CGO alloc/total, 26.1 CGO/sec, 0.9/0.2 %(u/s)time, 0.0 %gc (0x), 9.6 KiB/10 KiB (r/w)net
I181105 15:02:32.181476 239 server/status/runtime.go:465  [n1] runtime stats: 171 MiB RSS, 171 goroutines, 102 MiB/44 MiB/163 MiB GO alloc/idle/total, 25 MiB/35 MiB CGO alloc/total, 22.8 CGO/sec, 0.8/0.2 %(u/s)time, 0.0 %gc (0x), 11 KiB/7.3 KiB (r/w)net
I181105 15:02:42.183193 239 server/status/runtime.go:465  [n1] runtime stats: 171 MiB RSS, 171 goroutines, 107 MiB/39 MiB/163 MiB GO alloc/idle/total, 25 MiB/35 MiB CGO alloc/total, 23.6 CGO/sec, 0.9/0.3 %(u/s)time, 0.0 %gc (0x), 8.1 KiB/7.4 KiB (r/w)net
I181105 15:02:52.184826 239 server/status/runtime.go:465  [n1] runtime stats: 171 MiB RSS, 171 goroutines, 113 MiB/33 MiB/163 MiB GO alloc/idle/total, 26 MiB/35 MiB CGO alloc/total, 23.1 CGO/sec, 0.8/0.3 %(u/s)time, 0.0 %gc (0x), 5.8 KiB/6.1 KiB (r/w)net
I181105 15:03:02.186484 239 server/status/runtime.go:465  [n1] runtime stats: 171 MiB RSS, 171 goroutines, 120 MiB/27 MiB/163 MiB GO alloc/idle/total, 25 MiB/35 MiB CGO alloc/total, 20.3 CGO/sec, 0.8/0.1 %(u/s)time, 0.0 %gc (0x), 15 KiB/7.9 KiB (r/w)net
I181105 15:03:12.040823 235 gossip/gossip.go:557  [n1] gossip status (ok, 1 node)
gossip client (0/3 cur/max conns)
gossip server (0/3 cur/max conns, infos 0/0 sent/received, bytes 0B/0B sent/received)
I181105 15:03:12.188185 239 server/status/runtime.go:465  [n1] runtime stats: 171 MiB RSS, 171 goroutines, 125 MiB/22 MiB/163 MiB GO alloc/idle/total, 26 MiB/35 MiB CGO alloc/total, 24.8 CGO/sec, 0.9/0.2 %(u/s)time, 0.0 %gc (0x), 16 KiB/12 KiB (r/w)net
I181105 15:03:22.190049 239 server/status/runtime.go:465  [n1] runtime stats: 172 MiB RSS, 171 goroutines, 131 MiB/16 MiB/163 MiB GO alloc/idle/total, 26 MiB/35 MiB CGO alloc/total, 21.5 CGO/sec, 0.8/0.3 %(u/s)time, 0.0 %gc (0x), 11 KiB/8.5 KiB (r/w)net
I181105 15:03:32.191724 239 server/status/runtime.go:465  [n1] runtime stats: 172 MiB RSS, 171 goroutines, 137 MiB/10 MiB/163 MiB GO alloc/idle/total, 26 MiB/35 MiB CGO alloc/total, 25.2 CGO/sec, 0.8/0.4 %(u/s)time, 0.0 %gc (0x), 4.2 KiB/4.2 KiB (r/w)net
I181105 15:03:42.193598 239 server/status/runtime.go:465  [n1] runtime stats: 172 MiB RSS, 171 goroutines, 143 MiB/4.6 MiB/163 MiB GO alloc/idle/total, 25 MiB/35 MiB CGO alloc/total, 20.3 CGO/sec, 0.8/0.3 %(u/s)time, 0.0 %gc (0x), 15 KiB/11 KiB (r/w)net
I181105 15:03:52.195297 239 server/status/runtime.go:465  [n1] runtime stats: 172 MiB RSS, 171 goroutines, 80 MiB/63 MiB/163 MiB GO alloc/idle/total, 25 MiB/35 MiB CGO alloc/total, 26.0 CGO/sec, 1.2/0.2 %(u/s)time, 0.0 %gc (1x), 5.8 KiB/5.8 KiB (r/w)net
I181105 15:04:02.197014 239 server/status/runtime.go:465  [n1] runtime stats: 172 MiB RSS, 171 goroutines, 88 MiB/57 MiB/163 MiB GO alloc/idle/total, 25 MiB/35 MiB CGO alloc/total, 20.3 CGO/sec, 0.7/0.3 %(u/s)time, 0.0 %gc (0x), 3.9 KiB/3.9 KiB (r/w)net
I181105 15:04:12.040931 235 gossip/gossip.go:557  [n1] gossip status (ok, 1 node)
gossip client (0/3 cur/max conns)
gossip server (0/3 cur/max conns, infos 0/0 sent/received, bytes 0B/0B sent/received)
I181105 15:04:12.198673 239 server/status/runtime.go:465  [n1] runtime stats: 172 MiB RSS, 171 goroutines, 94 MiB/51 MiB/163 MiB GO alloc/idle/total, 25 MiB/35 MiB CGO alloc/total, 27.5 CGO/sec, 0.8/0.4 %(u/s)time, 0.0 %gc (0x), 15 KiB/9.9 KiB (r/w)net
I181105 15:04:22.200566 239 server/status/runtime.go:465  [n1] runtime stats: 172 MiB RSS, 171 goroutines, 100 MiB/45 MiB/163 MiB GO alloc/idle/total, 25 MiB/36 MiB CGO alloc/total, 24.1 CGO/sec, 0.6/0.4 %(u/s)time, 0.0 %gc (0x), 5.8 KiB/5.7 KiB (r/w)net
I181105 15:04:32.202274 239 server/status/runtime.go:465  [n1] runtime stats: 172 MiB RSS, 171 goroutines, 106 MiB/40 MiB/163 MiB GO alloc/idle/total, 25 MiB/36 MiB CGO alloc/total, 36.5 CGO/sec, 1.1/0.2 %(u/s)time, 0.0 %gc (0x), 4.0 KiB/3.9 KiB (r/w)net
I181105 15:04:42.204010 239 server/status/runtime.go:465  [n1] runtime stats: 172 MiB RSS, 171 goroutines, 112 MiB/34 MiB/163 MiB GO alloc/idle/total, 25 MiB/36 MiB CGO alloc/total, 22.9 CGO/sec, 0.6/0.5 %(u/s)time, 0.0 %gc (0x), 15 KiB/10 KiB (r/w)net
I181105 15:04:52.205782 239 server/status/runtime.go:465  [n1] runtime stats: 172 MiB RSS, 171 goroutines, 118 MiB/28 MiB/163 MiB GO alloc/idle/total, 25 MiB/36 MiB CGO alloc/total, 24.9 CGO/sec, 0.7/0.4 %(u/s)time, 0.0 %gc (0x), 6.1 KiB/6.0 KiB (r/w)net
I181105 15:05:02.208161 239 server/status/runtime.go:465  [n1] runtime stats: 173 MiB RSS, 171 goroutines, 124 MiB/23 MiB/163 MiB GO alloc/idle/total, 25 MiB/36 MiB CGO alloc/total, 24.1 CGO/sec, 0.7/0.4 %(u/s)time, 0.0 %gc (0x), 3.9 KiB/3.9 KiB (r/w)net
I181105 15:05:12.040856 235 gossip/gossip.go:557  [n1] gossip status (ok, 1 node)
gossip client (0/3 cur/max conns)
gossip server (0/3 cur/max conns, infos 0/0 sent/received, bytes 0B/0B sent/received)
I181105 15:05:12.209810 239 server/status/runtime.go:465  [n1] runtime stats: 173 MiB RSS, 171 goroutines, 129 MiB/17 MiB/163 MiB GO alloc/idle/total, 25 MiB/36 MiB CGO alloc/total, 22.5 CGO/sec, 0.6/0.5 %(u/s)time, 0.0 %gc (0x), 16 KiB/12 KiB (r/w)net
I181105 15:05:22.211442 239 server/status/runtime.go:465  [n1] runtime stats: 174 MiB RSS, 171 goroutines, 135 MiB/12 MiB/163 MiB GO alloc/idle/total, 25 MiB/36 MiB CGO alloc/total, 155.5 CGO/sec, 0.8/0.4 %(u/s)time, 0.0 %gc (0x), 10 KiB/11 KiB (r/w)net
I181105 15:05:32.213390 239 server/status/runtime.go:465  [n1] runtime stats: 174 MiB RSS, 171 goroutines, 141 MiB/6.5 MiB/163 MiB GO alloc/idle/total, 25 MiB/36 MiB CGO alloc/total, 21.4 CGO/sec, 0.7/0.3 %(u/s)time, 0.0 %gc (0x), 4.3 KiB/4.3 KiB (r/w)net
I181105 15:05:42.215097 239 server/status/runtime.go:465  [n1] runtime stats: 174 MiB RSS, 171 goroutines, 79 MiB/65 MiB/163 MiB GO alloc/idle/total, 25 MiB/36 MiB CGO alloc/total, 24.1 CGO/sec, 1.0/0.2 %(u/s)time, 0.0 %gc (1x), 8.1 KiB/9.5 KiB (r/w)net
I181105 15:05:52.216950 239 server/status/runtime.go:465  [n1] runtime stats: 174 MiB RSS, 171 goroutines, 86 MiB/59 MiB/163 MiB GO alloc/idle/total, 25 MiB/36 MiB CGO alloc/total, 26.0 CGO/sec, 0.8/0.4 %(u/s)time, 0.0 %gc (0x), 12 KiB/7.5 KiB (r/w)net
I181105 15:06:02.218640 239 server/status/runtime.go:465  [n1] runtime stats: 174 MiB RSS, 171 goroutines, 92 MiB/53 MiB/163 MiB GO alloc/idle/total, 25 MiB/36 MiB CGO alloc/total, 20.6 CGO/sec, 0.6/0.4 %(u/s)time, 0.0 %gc (0x), 3.9 KiB/3.9 KiB (r/w)net
I181105 15:06:12.040854 235 gossip/gossip.go:557  [n1] gossip status (ok, 1 node)
gossip client (0/3 cur/max conns)
gossip server (0/3 cur/max conns, infos 0/0 sent/received, bytes 0B/0B sent/received)
I181105 15:06:12.220291 239 server/status/runtime.go:465  [n1] runtime stats: 175 MiB RSS, 171 goroutines, 98 MiB/48 MiB/163 MiB GO alloc/idle/total, 25 MiB/36 MiB CGO alloc/total, 23.7 CGO/sec, 0.8/0.3 %(u/s)time, 0.0 %gc (0x), 7.2 KiB/7.3 KiB (r/w)net
I181105 15:06:22.222032 239 server/status/runtime.go:465  [n1] runtime stats: 175 MiB RSS, 171 goroutines, 104 MiB/42 MiB/163 MiB GO alloc/idle/total, 33 MiB/44 MiB CGO alloc/total, 21.5 CGO/sec, 0.8/0.1 %(u/s)time, 0.0 %gc (0x), 14 KiB/8.5 KiB (r/w)net
I181105 15:06:32.223831 239 server/status/runtime.go:465  [n1] runtime stats: 175 MiB RSS, 171 goroutines, 111 MiB/36 MiB/163 MiB GO alloc/idle/total, 33 MiB/44 MiB CGO alloc/total, 26.3 CGO/sec, 0.7/0.5 %(u/s)time, 0.0 %gc (0x), 3.8 KiB/3.8 KiB (r/w)net
I181105 15:06:42.225569 239 server/status/runtime.go:465  [n1] runtime stats: 175 MiB RSS, 171 goroutines, 116 MiB/30 MiB/163 MiB GO alloc/idle/total, 33 MiB/44 MiB CGO alloc/total, 20.3 CGO/sec, 0.9/0.2 %(u/s)time, 0.0 %gc (0x), 7.1 KiB/7.1 KiB (r/w)net
I181105 15:06:52.227227 239 server/status/runtime.go:465  [n1] runtime stats: 175 MiB RSS, 171 goroutines, 122 MiB/25 MiB/163 MiB GO alloc/idle/total, 33 MiB/44 MiB CGO alloc/total, 24.9 CGO/sec, 0.9/0.4 %(u/s)time, 0.0 %gc (0x), 14 KiB/9.1 KiB (r/w)net
I181105 15:07:02.229033 239 server/status/runtime.go:465  [n1] runtime stats: 175 MiB RSS, 171 goroutines, 128 MiB/19 MiB/163 MiB GO alloc/idle/total, 33 MiB/44 MiB CGO alloc/total, 20.3 CGO/sec, 0.7/0.3 %(u/s)time, 0.0 %gc (0x), 4.0 KiB/4.0 KiB (r/w)net
I181105 15:07:12.040892 235 gossip/gossip.go:557  [n1] gossip status (ok, 1 node)
gossip client (0/3 cur/max conns)
gossip server (0/3 cur/max conns, infos 0/0 sent/received, bytes 0B/0B sent/received)
I181105 15:07:12.230849 239 server/status/runtime.go:465  [n1] runtime stats: 176 MiB RSS, 171 goroutines, 133 MiB/14 MiB/163 MiB GO alloc/idle/total, 33 MiB/44 MiB CGO alloc/total, 26.0 CGO/sec, 0.7/0.4 %(u/s)time, 0.0 %gc (0x), 14 KiB/15 KiB (r/w)net
I181105 15:07:22.232643 239 server/status/runtime.go:465  [n1] runtime stats: 176 MiB RSS, 171 goroutines, 139 MiB/8.2 MiB/163 MiB GO alloc/idle/total, 33 MiB/44 MiB CGO alloc/total, 24.1 CGO/sec, 0.9/0.3 %(u/s)time, 0.0 %gc (0x), 14 KiB/8.9 KiB (r/w)net
I181105 15:07:32.234361 239 server/status/runtime.go:465  [n1] runtime stats: 176 MiB RSS, 171 goroutines, 77 MiB/67 MiB/163 MiB GO alloc/idle/total, 33 MiB/44 MiB CGO alloc/total, 36.7 CGO/sec, 1.0/0.2 %(u/s)time, 0.0 %gc (1x), 3.8 KiB/3.8 KiB (r/w)net
I181105 15:07:42.236024 239 server/status/runtime.go:465  [n1] runtime stats: 176 MiB RSS, 171 goroutines, 84 MiB/61 MiB/163 MiB GO alloc/idle/total, 33 MiB/44 MiB CGO alloc/total, 20.3 CGO/sec, 0.6/0.4 %(u/s)time, 0.0 %gc (0x), 7.1 KiB/7.9 KiB (r/w)net
I181105 15:07:52.237736 239 server/status/runtime.go:465  [n1] runtime stats: 176 MiB RSS, 171 goroutines, 91 MiB/54 MiB/163 MiB GO alloc/idle/total, 33 MiB/44 MiB CGO alloc/total, 26.0 CGO/sec, 0.8/0.4 %(u/s)time, 0.0 %gc (0x), 14 KiB/9.2 KiB (r/w)net
I181105 15:08:02.239461 239 server/status/runtime.go:465  [n1] runtime stats: 177 MiB RSS, 171 goroutines, 97 MiB/49 MiB/163 MiB GO alloc/idle/total, 33 MiB/44 MiB CGO alloc/total, 24.1 CGO/sec, 1.1/0.1 %(u/s)time, 0.0 %gc (0x), 3.7 KiB/3.7 KiB (r/w)net
I181105 15:08:12.040844 235 gossip/gossip.go:557  [n1] gossip status (ok, 1 node)
gossip client (0/3 cur/max conns)
gossip server (0/3 cur/max conns, infos 0/0 sent/received, bytes 0B/0B sent/received)
I181105 15:08:12.241302 239 server/status/runtime.go:465  [n1] runtime stats: 177 MiB RSS, 171 goroutines, 102 MiB/44 MiB/163 MiB GO alloc/idle/total, 33 MiB/44 MiB CGO alloc/total, 24.0 CGO/sec, 1.0/0.2 %(u/s)time, 0.0 %gc (0x), 9.5 KiB/10 KiB (r/w)net
I181105 15:08:22.242937 239 server/status/runtime.go:465  [n1] runtime stats: 177 MiB RSS, 171 goroutines, 108 MiB/38 MiB/163 MiB GO alloc/idle/total, 33 MiB/44 MiB CGO alloc/total, 23.8 CGO/sec, 0.9/0.3 %(u/s)time, 0.0 %gc (0x), 23 KiB/15 KiB (r/w)net
I181105 15:08:32.244772 239 server/status/runtime.go:465  [n1] runtime stats: 177 MiB RSS, 171 goroutines, 114 MiB/33 MiB/163 MiB GO alloc/idle/total, 33 MiB/44 MiB CGO alloc/total, 22.5 CGO/sec, 1.0/0.2 %(u/s)time, 0.0 %gc (0x), 3.9 KiB/4.0 KiB (r/w)net
I181105 15:08:42.246565 239 server/status/runtime.go:465  [n1] runtime stats: 177 MiB RSS, 171 goroutines, 119 MiB/28 MiB/163 MiB GO alloc/idle/total, 33 MiB/44 MiB CGO alloc/total, 24.1 CGO/sec, 0.5/0.5 %(u/s)time, 0.0 %gc (0x), 7.1 KiB/7.1 KiB (r/w)net
I181105 15:08:52.248256 239 server/status/runtime.go:465  [n1] runtime stats: 177 MiB RSS, 171 goroutines, 125 MiB/22 MiB/163 MiB GO alloc/idle/total, 33 MiB/44 MiB CGO alloc/total, 22.6 CGO/sec, 0.6/0.4 %(u/s)time, 0.0 %gc (0x), 6.0 KiB/6.0 KiB (r/w)net
I181105 15:09:02.249894 239 server/status/runtime.go:465  [n1] runtime stats: 175 MiB RSS, 171 goroutines, 131 MiB/14 MiB/161 MiB GO alloc/idle/total, 33 MiB/44 MiB CGO alloc/total, 20.3 CGO/sec, 0.8/0.2 %(u/s)time, 0.0 %gc (0x), 12 KiB/7.2 KiB (r/w)net
I181105 15:09:12.040839 235 gossip/gossip.go:557  [n1] gossip status (ok, 1 node)
gossip client (0/3 cur/max conns)
gossip server (0/3 cur/max conns, infos 0/0 sent/received, bytes 0B/0B sent/received)
I181105 15:09:12.251582 239 server/status/runtime.go:465  [n1] runtime stats: 175 MiB RSS, 171 goroutines, 136 MiB/8.6 MiB/161 MiB GO alloc/idle/total, 33 MiB/44 MiB CGO alloc/total, 28.5 CGO/sec, 1.0/0.3 %(u/s)time, 0.0 %gc (0x), 9.3 KiB/9.3 KiB (r/w)net
E181105 15:09:12.991212 253 storage/queue.go:893  [n1,replicate] 25 replicas failing with "0 of 1 live stores are able to take a new replica for the range (1 already has a replica); likely not enough nodes in cluster"
I181105 15:09:22.042379 234 storage/store.go:4472  [n1,s1] sstables (read amplification = 1):
6 [ 422K 1 ]: 422K
I181105 15:09:22.042644 234 storage/store.go:4473  [n1,s1] 
** Compaction Stats [default] **
Level    Files   Size     Score Read(GB)  Rn(GB) Rnp1(GB) Write(GB) Wnew(GB) Moved(GB) W-Amp Rd(MB/s) Wr(MB/s) Comp(sec) Comp(cnt) Avg(sec) KeyIn KeyDrop
----------------------------------------------------------------------------------------------------------------------------------------------------------
  L0      0/0    0.00 KB   0.0      0.0     0.0      0.0       0.0      0.0       0.0   1.0      0.0      0.7         0         1    0.169       0      0
  L6      1/0   421.84 KB   0.0      0.0     0.0      0.0       0.0      0.0       0.0   0.8      1.4      1.2         0         1    0.349    4667   1621
 Sum      1/0   421.84 KB   0.0      0.0     0.0      0.0       0.0      0.0       0.0   4.6      1.0      1.0         1         2    0.259    4667   1621
 Int      0/0    0.00 KB   0.0      0.0     0.0      0.0       0.0      0.0       0.0   0.0      0.0      0.0         0         0    0.000       0      0
Uptime(secs): 1211.4 total, 600.0 interval
Flush(GB): cumulative 0.000, interval 0.000
AddFile(GB): cumulative 0.000, interval 0.000
AddFile(Total Files): cumulative 0, interval 0
AddFile(L0 Files): cumulative 0, interval 0
AddFile(Keys): cumulative 0, interval 0
Cumulative compaction: 0.00 GB write, 0.00 MB/s write, 0.00 GB read, 0.00 MB/s read, 0.5 seconds
Interval compaction: 0.00 GB write, 0.00 MB/s write, 0.00 GB read, 0.00 MB/s read, 0.0 seconds
Stalls(count): 0 level0_slowdown, 0 level0_slowdown_with_compaction, 0 level0_numfiles, 0 level0_numfiles_with_compaction, 0 stop for pending_compaction_bytes, 0 slowdown for pending_compaction_bytes, 0 memtable_compaction, 0 memtable_slowdown, interval 0 total count
estimated_pending_compaction_bytes: 0 B
I181105 15:09:22.253414 239 server/status/runtime.go:465  [n1] runtime stats: 176 MiB RSS, 171 goroutines, 142 MiB/2.9 MiB/161 MiB GO alloc/idle/total, 33 MiB/44 MiB CGO alloc/total, 21.7 CGO/sec, 0.6/0.5 %(u/s)time, 0.0 %gc (0x), 6.1 KiB/6.0 KiB (r/w)net
I181105 15:09:32.255190 239 server/status/runtime.go:465  [n1] runtime stats: 176 MiB RSS, 171 goroutines, 81 MiB/60 MiB/161 MiB GO alloc/idle/total, 33 MiB/44 MiB CGO alloc/total, 25.2 CGO/sec, 1.1/0.1 %(u/s)time, 0.0 %gc (1x), 11 KiB/6.5 KiB (r/w)net
I181105 15:09:42.256826 239 server/status/runtime.go:465  [n1] runtime stats: 176 MiB RSS, 171 goroutines, 89 MiB/54 MiB/161 MiB GO alloc/idle/total, 33 MiB/44 MiB CGO alloc/total, 18.0 CGO/sec, 0.9/0.3 %(u/s)time, 0.0 %gc (0x), 7.0 KiB/7.8 KiB (r/w)net
I181105 15:09:52.258578 239 server/status/runtime.go:465  [n1] runtime stats: 176 MiB RSS, 171 goroutines, 94 MiB/48 MiB/161 MiB GO alloc/idle/total, 33 MiB/44 MiB CGO alloc/total, 26.0 CGO/sec, 0.8/0.2 %(u/s)time, 0.0 %gc (0x), 5.9 KiB/5.8 KiB (r/w)net
I181105 15:10:02.260206 239 server/status/runtime.go:465  [n1] runtime stats: 176 MiB RSS, 171 goroutines, 100 MiB/43 MiB/161 MiB GO alloc/idle/total, 33 MiB/44 MiB CGO alloc/total, 22.9 CGO/sec, 0.7/0.2 %(u/s)time, 0.0 %gc (0x), 12 KiB/7.2 KiB (r/w)net
I181105 15:10:12.040786 235 gossip/gossip.go:557  [n1] gossip status (ok, 1 node)
gossip client (0/3 cur/max conns)
gossip server (0/3 cur/max conns, infos 0/0 sent/received, bytes 0B/0B sent/received)
I181105 15:10:12.261945 239 server/status/runtime.go:465  [n1] runtime stats: 176 MiB RSS, 171 goroutines, 106 MiB/38 MiB/161 MiB GO alloc/idle/total, 33 MiB/44 MiB CGO alloc/total, 27.5 CGO/sec, 1.1/0.2 %(u/s)time, 0.0 %gc (0x), 12 KiB/12 KiB (r/w)net
I181105 15:10:22.263747 239 server/status/runtime.go:465  [n1] runtime stats: 176 MiB RSS, 171 goroutines, 111 MiB/33 MiB/161 MiB GO alloc/idle/total, 33 MiB/44 MiB CGO alloc/total, 21.5 CGO/sec, 0.9/0.2 %(u/s)time, 0.0 %gc (0x), 6.5 KiB/7.0 KiB (r/w)net
I181105 15:10:32.265629 239 server/status/runtime.go:465  [n1] runtime stats: 177 MiB RSS, 171 goroutines, 117 MiB/27 MiB/161 MiB GO alloc/idle/total, 33 MiB/44 MiB CGO alloc/total, 22.5 CGO/sec, 0.8/0.3 %(u/s)time, 0.0 %gc (0x), 12 KiB/6.7 KiB (r/w)net
I181105 15:10:42.267358 239 server/status/runtime.go:465  [n1] runtime stats: 177 MiB RSS, 171 goroutines, 123 MiB/22 MiB/161 MiB GO alloc/idle/total, 33 MiB/44 MiB CGO alloc/total, 33.2 CGO/sec, 0.8/0.5 %(u/s)time, 0.0 %gc (0x), 7.2 KiB/7.1 KiB (r/w)net
I181105 15:10:52.269255 239 server/status/runtime.go:465  [n1] runtime stats: 177 MiB RSS, 171 goroutines, 129 MiB/16 MiB/161 MiB GO alloc/idle/total, 33 MiB/44 MiB CGO alloc/total, 25.2 CGO/sec, 0.8/0.3 %(u/s)time, 0.0 %gc (0x), 5.9 KiB/5.8 KiB (r/w)net
I181105 15:11:02.270947 239 server/status/runtime.go:465  [n1] runtime stats: 177 MiB RSS, 171 goroutines, 134 MiB/11 MiB/161 MiB GO alloc/idle/total, 33 MiB/44 MiB CGO alloc/total, 21.5 CGO/sec, 0.8/0.4 %(u/s)time, 0.0 %gc (0x), 11 KiB/7.1 KiB (r/w)net
I181105 15:11:12.040854 235 gossip/gossip.go:557  [n1] gossip status (ok, 1 node)
gossip client (0/3 cur/max conns)
gossip server (0/3 cur/max conns, infos 0/0 sent/received, bytes 0B/0B sent/received)
I181105 15:11:12.272625 239 server/status/runtime.go:465  [n1] runtime stats: 177 MiB RSS, 171 goroutines, 141 MiB/4.4 MiB/161 MiB GO alloc/idle/total, 33 MiB/44 MiB CGO alloc/total, 27.4 CGO/sec, 0.9/0.4 %(u/s)time, 0.0 %gc (0x), 9.3 KiB/9.3 KiB (r/w)net
I181105 15:11:22.274540 239 server/status/runtime.go:465  [n1] runtime stats: 177 MiB RSS, 171 goroutines, 80 MiB/62 MiB/161 MiB GO alloc/idle/total, 33 MiB/44 MiB CGO alloc/total, 23.8 CGO/sec, 1.3/0.2 %(u/s)time, 0.0 %gc (1x), 5.8 KiB/5.8 KiB (r/w)net
I181105 15:11:32.276272 239 server/status/runtime.go:465  [n1] runtime stats: 177 MiB RSS, 171 goroutines, 86 MiB/56 MiB/161 MiB GO alloc/idle/total, 33 MiB/44 MiB CGO alloc/total, 21.7 CGO/sec, 0.7/0.4 %(u/s)time, 0.0 %gc (0x), 11 KiB/6.7 KiB (r/w)net
I181105 15:11:42.277924 239 server/status/runtime.go:465  [n1] runtime stats: 177 MiB RSS, 171 goroutines, 92 MiB/51 MiB/161 MiB GO alloc/idle/total, 33 MiB/44 MiB CGO alloc/total, 25.2 CGO/sec, 0.8/0.4 %(u/s)time, 0.0 %gc (0x), 7.0 KiB/7.9 KiB (r/w)net
I181105 15:11:52.279648 239 server/status/runtime.go:465  [n1] runtime stats: 177 MiB RSS, 171 goroutines, 99 MiB/45 MiB/161 MiB GO alloc/idle/total, 33 MiB/44 MiB CGO alloc/total, 26.0 CGO/sec, 0.7/0.4 %(u/s)time, 0.0 %gc (0x), 5.8 KiB/5.7 KiB (r/w)net
I181105 15:12:02.281467 239 server/status/runtime.go:465  [n1] runtime stats: 178 MiB RSS, 171 goroutines, 104 MiB/40 MiB/161 MiB GO alloc/idle/total, 33 MiB/44 MiB CGO alloc/total, 20.6 CGO/sec, 0.8/0.3 %(u/s)time, 0.0 %gc (0x), 4.1 KiB/4.1 KiB (r/w)net
I181105 15:12:12.040837 235 gossip/gossip.go:557  [n1] gossip status (ok, 1 node)
gossip client (0/3 cur/max conns)
gossip server (0/3 cur/max conns, infos 0/0 sent/received, bytes 0B/0B sent/received)
I181105 15:12:12.283108 239 server/status/runtime.go:465  [n1] runtime stats: 178 MiB RSS, 171 goroutines, 110 MiB/34 MiB/161 MiB GO alloc/idle/total, 33 MiB/44 MiB CGO alloc/total, 23.7 CGO/sec, 0.8/0.2 %(u/s)time, 0.0 %gc (0x), 21 KiB/17 KiB (r/w)net
I181105 15:12:22.285109 239 server/status/runtime.go:465  [n1] runtime stats: 178 MiB RSS, 171 goroutines, 116 MiB/28 MiB/161 MiB GO alloc/idle/total, 33 MiB/44 MiB CGO alloc/total, 23.8 CGO/sec, 0.7/0.4 %(u/s)time, 0.0 %gc (0x), 6.2 KiB/6.1 KiB (r/w)net
I181105 15:12:32.286804 239 server/status/runtime.go:465  [n1] runtime stats: 178 MiB RSS, 171 goroutines, 122 MiB/22 MiB/161 MiB GO alloc/idle/total, 32 MiB/44 MiB CGO alloc/total, 24.0 CGO/sec, 0.7/0.5 %(u/s)time, 0.0 %gc (0x), 4.0 KiB/4.0 KiB (r/w)net
I181105 15:12:42.288635 239 server/status/runtime.go:465  [n1] runtime stats: 178 MiB RSS, 171 goroutines, 128 MiB/17 MiB/161 MiB GO alloc/idle/total, 32 MiB/44 MiB CGO alloc/total, 33.2 CGO/sec, 0.9/0.2 %(u/s)time, 0.0 %gc (0x), 15 KiB/9.6 KiB (r/w)net
I181105 15:12:52.290298 239 server/status/runtime.go:465  [n1] runtime stats: 178 MiB RSS, 171 goroutines, 134 MiB/11 MiB/161 MiB GO alloc/idle/total, 32 MiB/44 MiB CGO alloc/total, 24.9 CGO/sec, 0.8/0.2 %(u/s)time, 0.0 %gc (0x), 5.8 KiB/5.8 KiB (r/w)net
I181105 15:13:02.291305 239 server/status/runtime.go:465  [n1] runtime stats: 178 MiB RSS, 171 goroutines, 139 MiB/5.9 MiB/161 MiB GO alloc/idle/total, 32 MiB/44 MiB CGO alloc/total, 18.0 CGO/sec, 0.8/0.3 %(u/s)time, 0.0 %gc (0x), 80 KiB/32 KiB (r/w)net
I181105 15:13:12.040865 235 gossip/gossip.go:557  [n1] gossip status (ok, 1 node)
gossip client (0/3 cur/max conns)
gossip server (0/3 cur/max conns, infos 0/0 sent/received, bytes 0B/0B sent/received)
I181105 15:13:12.293703 239 server/status/runtime.go:465  [n1] runtime stats: 179 MiB RSS, 171 goroutines, 75 MiB/67 MiB/161 MiB GO alloc/idle/total, 32 MiB/44 MiB CGO alloc/total, 28.6 CGO/sec, 1.1/0.3 %(u/s)time, 0.0 %gc (1x), 521 KiB/43 KiB (r/w)net
I181105 15:13:22.295390 239 server/status/runtime.go:465  [n1] runtime stats: 179 MiB RSS, 171 goroutines, 84 MiB/58 MiB/161 MiB GO alloc/idle/total, 32 MiB/44 MiB CGO alloc/total, 26.4 CGO/sec, 0.7/0.4 %(u/s)time, 0.0 %gc (0x), 54 KiB/21 KiB (r/w)net
I181105 15:13:32.296931 239 server/status/runtime.go:465  [n1] runtime stats: 179 MiB RSS, 171 goroutines, 90 MiB/52 MiB/161 MiB GO alloc/idle/total, 32 MiB/44 MiB CGO alloc/total, 21.4 CGO/sec, 0.8/0.2 %(u/s)time, 0.0 %gc (0x), 8.7 KiB/9.4 KiB (r/w)net
I181105 15:13:42.298571 239 server/status/runtime.go:465  [n1] runtime stats: 179 MiB RSS, 171 goroutines, 96 MiB/47 MiB/161 MiB GO alloc/idle/total, 32 MiB/44 MiB CGO alloc/total, 18.0 CGO/sec, 0.5/0.4 %(u/s)time, 0.0 %gc (0x), 7.4 KiB/8.4 KiB (r/w)net
I181105 15:13:52.300160 239 server/status/runtime.go:465  [n1] runtime stats: 179 MiB RSS, 171 goroutines, 102 MiB/42 MiB/161 MiB GO alloc/idle/total, 32 MiB/44 MiB CGO alloc/total, 28.6 CGO/sec, 0.6/0.3 %(u/s)time, 0.0 %gc (0x), 5.9 KiB/5.8 KiB (r/w)net
I181105 15:14:02.301785 239 server/status/runtime.go:465  [n1] runtime stats: 180 MiB RSS, 171 goroutines, 108 MiB/36 MiB/161 MiB GO alloc/idle/total, 32 MiB/44 MiB CGO alloc/total, 24.1 CGO/sec, 0.7/0.3 %(u/s)time, 0.0 %gc (0x), 3.9 KiB/4.0 KiB (r/w)net
I181105 15:14:12.040802 235 gossip/gossip.go:557  [n1] gossip status (ok, 1 node)
gossip client (0/3 cur/max conns)
gossip server (0/3 cur/max conns, infos 0/0 sent/received, bytes 0B/0B sent/received)
I181105 15:14:12.303414 239 server/status/runtime.go:465  [n1] runtime stats: 180 MiB RSS, 171 goroutines, 114 MiB/30 MiB/161 MiB GO alloc/idle/total, 32 MiB/44 MiB CGO alloc/total, 21.4 CGO/sec, 0.5/0.5 %(u/s)time, 0.0 %gc (0x), 7.3 KiB/7.3 KiB (r/w)net
I181105 15:14:22.305007 239 server/status/runtime.go:465  [n1] runtime stats: 180 MiB RSS, 171 goroutines, 120 MiB/24 MiB/161 MiB GO alloc/idle/total, 32 MiB/44 MiB CGO alloc/total, 24.9 CGO/sec, 0.7/0.3 %(u/s)time, 0.0 %gc (0x), 5.9 KiB/5.8 KiB (r/w)net
I181105 15:14:32.306605 239 server/status/runtime.go:465  [n1] runtime stats: 180 MiB RSS, 171 goroutines, 126 MiB/19 MiB/161 MiB GO alloc/idle/total, 32 MiB/44 MiB CGO alloc/total, 22.5 CGO/sec, 0.7/0.3 %(u/s)time, 0.0 %gc (0x), 4.2 KiB/4.0 KiB (r/w)net
I181105 15:14:42.308175 239 server/status/runtime.go:465  [n1] runtime stats: 181 MiB RSS, 171 goroutines, 132 MiB/13 MiB/161 MiB GO alloc/idle/total, 32 MiB/44 MiB CGO alloc/total, 37.0 CGO/sec, 0.9/0.3 %(u/s)time, 0.0 %gc (0x), 8.6 KiB/7.7 KiB (r/w)net
I181105 15:14:52.310050 239 server/status/runtime.go:465  [n1] runtime stats: 181 MiB RSS, 171 goroutines, 137 MiB/7.6 MiB/161 MiB GO alloc/idle/total, 40 MiB/52 MiB CGO alloc/total, 26.3 CGO/sec, 0.7/0.3 %(u/s)time, 0.0 %gc (0x), 9.6 KiB/9.6 KiB (r/w)net
I181105 15:15:02.311688 239 server/status/runtime.go:465  [n1] runtime stats: 181 MiB RSS, 171 goroutines, 143 MiB/2.3 MiB/161 MiB GO alloc/idle/total, 40 MiB/52 MiB CGO alloc/total, 22.9 CGO/sec, 0.6/0.3 %(u/s)time, 0.0 %gc (0x), 4.0 KiB/4.0 KiB (r/w)net
I181105 15:15:12.040814 235 gossip/gossip.go:557  [n1] gossip status (ok, 1 node)
gossip client (0/3 cur/max conns)
gossip server (0/3 cur/max conns, infos 0/0 sent/received, bytes 0B/0B sent/received)
I181105 15:15:12.313581 239 server/status/runtime.go:465  [n1] runtime stats: 181 MiB RSS, 171 goroutines, 83 MiB/59 MiB/161 MiB GO alloc/idle/total, 40 MiB/52 MiB CGO alloc/total, 24.8 CGO/sec, 1.0/0.2 %(u/s)time, 0.0 %gc (1x), 10 KiB/10 KiB (r/w)net
I181105 15:15:22.315192 239 server/status/runtime.go:465  [n1] runtime stats: 181 MiB RSS, 171 goroutines, 90 MiB/52 MiB/161 MiB GO alloc/idle/total, 40 MiB/52 MiB CGO alloc/total, 21.5 CGO/sec, 0.8/0.1 %(u/s)time, 0.0 %gc (0x), 9.0 KiB/9.4 KiB (r/w)net
I181105 15:15:32.316802 239 server/status/runtime.go:465  [n1] runtime stats: 182 MiB RSS, 171 goroutines, 96 MiB/46 MiB/161 MiB GO alloc/idle/total, 40 MiB/52 MiB CGO alloc/total, 27.8 CGO/sec, 0.7/0.3 %(u/s)time, 0.0 %gc (0x), 4.3 KiB/4.0 KiB (r/w)net
I181105 15:15:42.318658 239 server/status/runtime.go:465  [n1] runtime stats: 182 MiB RSS, 171 goroutines, 102 MiB/41 MiB/161 MiB GO alloc/idle/total, 40 MiB/52 MiB CGO alloc/total, 20.3 CGO/sec, 0.6/0.3 %(u/s)time, 0.0 %gc (0x), 7.8 KiB/8.2 KiB (r/w)net
I181105 15:15:52.320311 239 server/status/runtime.go:465  [n1] runtime stats: 182 MiB RSS, 171 goroutines, 108 MiB/36 MiB/161 MiB GO alloc/idle/total, 40 MiB/52 MiB CGO alloc/total, 23.7 CGO/sec, 0.6/0.3 %(u/s)time, 0.0 %gc (0x), 5.8 KiB/5.8 KiB (r/w)net
I181105 15:16:02.322044 239 server/status/runtime.go:465  [n1] runtime stats: 182 MiB RSS, 171 goroutines, 113 MiB/31 MiB/161 MiB GO alloc/idle/total, 40 MiB/52 MiB CGO alloc/total, 20.3 CGO/sec, 0.7/0.2 %(u/s)time, 0.0 %gc (0x), 4.0 KiB/4.1 KiB (r/w)net
I181105 15:16:12.040785 235 gossip/gossip.go:557  [n1] gossip status (ok, 1 node)
gossip client (0/3 cur/max conns)
gossip server (0/3 cur/max conns, infos 0/0 sent/received, bytes 0B/0B sent/received)
I181105 15:16:12.323878 239 server/status/runtime.go:465  [n1] runtime stats: 182 MiB RSS, 171 goroutines, 119 MiB/25 MiB/161 MiB GO alloc/idle/total, 40 MiB/52 MiB CGO alloc/total, 24.9 CGO/sec, 0.5/0.5 %(u/s)time, 0.0 %gc (0x), 7.2 KiB/7.2 KiB (r/w)net
I181105 15:16:22.325590 239 server/status/runtime.go:465  [n1] runtime stats: 182 MiB RSS, 171 goroutines, 125 MiB/20 MiB/161 MiB GO alloc/idle/total, 40 MiB/52 MiB CGO alloc/total, 23.8 CGO/sec, 0.8/0.2 %(u/s)time, 0.0 %gc (0x), 6.1 KiB/6.2 KiB (r/w)net
I181105 15:16:32.327422 239 server/status/runtime.go:465  [n1] runtime stats: 183 MiB RSS, 171 goroutines, 130 MiB/14 MiB/161 MiB GO alloc/idle/total, 40 MiB/52 MiB CGO alloc/total, 22.5 CGO/sec, 0.7/0.3 %(u/s)time, 0.0 %gc (0x), 4.2 KiB/4.2 KiB (r/w)net
I181105 15:16:42.329137 239 server/status/runtime.go:465  [n1] runtime stats: 183 MiB RSS, 171 goroutines, 136 MiB/9.0 MiB/161 MiB GO alloc/idle/total, 40 MiB/52 MiB CGO alloc/total, 20.3 CGO/sec, 0.7/0.3 %(u/s)time, 0.0 %gc (0x), 133 KiB/12 KiB (r/w)net
I181105 15:16:52.330790 239 server/status/runtime.go:465  [n1] runtime stats: 183 MiB RSS, 171 goroutines, 142 MiB/3.4 MiB/161 MiB GO alloc/idle/total, 40 MiB/52 MiB CGO alloc/total, 24.9 CGO/sec, 0.7/0.3 %(u/s)time, 0.0 %gc (0x), 7.1 KiB/6.0 KiB (r/w)net
I181105 15:17:02.332624 239 server/status/runtime.go:465  [n1] runtime stats: 184 MiB RSS, 171 goroutines, 79 MiB/65 MiB/163 MiB GO alloc/idle/total, 40 MiB/52 MiB CGO alloc/total, 24.1 CGO/sec, 0.7/0.3 %(u/s)time, 0.0 %gc (1x), 9.0 KiB/4.0 KiB (r/w)net
I181105 15:17:12.040916 235 gossip/gossip.go:557  [n1] gossip status (ok, 1 node)
gossip client (0/3 cur/max conns)
gossip server (0/3 cur/max conns, infos 0/0 sent/received, bytes 0B/0B sent/received)
I181105 15:17:12.334321 239 server/status/runtime.go:465  [n1] runtime stats: 184 MiB RSS, 171 goroutines, 86 MiB/58 MiB/163 MiB GO alloc/idle/total, 40 MiB/52 MiB CGO alloc/total, 35.4 CGO/sec, 1.0/0.3 %(u/s)time, 0.0 %gc (0x), 46 KiB/10 KiB (r/w)net
I181105 15:17:22.335960 239 server/status/runtime.go:465  [n1] runtime stats: 184 MiB RSS, 171 goroutines, 92 MiB/53 MiB/163 MiB GO alloc/idle/total, 40 MiB/52 MiB CGO alloc/total, 23.8 CGO/sec, 1.0/0.1 %(u/s)time, 0.0 %gc (0x), 6.3 KiB/6.1 KiB (r/w)net
I181105 15:17:32.337656 239 server/status/runtime.go:465  [n1] runtime stats: 184 MiB RSS, 171 goroutines, 98 MiB/48 MiB/163 MiB GO alloc/idle/total, 40 MiB/52 MiB CGO alloc/total, 19.1 CGO/sec, 0.7/0.2 %(u/s)time, 0.0 %gc (0x), 7.8 KiB/3.9 KiB (r/w)net
I181105 15:17:42.339266 239 server/status/runtime.go:465  [n1] runtime stats: 185 MiB RSS, 171 goroutines, 104 MiB/42 MiB/163 MiB GO alloc/idle/total, 40 MiB/52 MiB CGO alloc/total, 24.1 CGO/sec, 0.8/0.3 %(u/s)time, 0.0 %gc (0x), 11 KiB/8.1 KiB (r/w)net
I181105 15:17:52.340916 239 server/status/runtime.go:465  [n1] runtime stats: 185 MiB RSS, 171 goroutines, 110 MiB/37 MiB/163 MiB GO alloc/idle/total, 40 MiB/52 MiB CGO alloc/total, 26.0 CGO/sec, 0.7/0.2 %(u/s)time, 0.0 %gc (0x), 15 KiB/11 KiB (r/w)net
I181105 15:18:02.342609 239 server/status/runtime.go:465  [n1] runtime stats: 185 MiB RSS, 171 goroutines, 115 MiB/32 MiB/163 MiB GO alloc/idle/total, 40 MiB/52 MiB CGO alloc/total, 18.0 CGO/sec, 0.6/0.3 %(u/s)time, 0.0 %gc (0x), 4.1 KiB/3.9 KiB (r/w)net
I181105 15:18:12.040747 235 gossip/gossip.go:557  [n1] gossip status (ok, 1 node)
gossip client (0/3 cur/max conns)
gossip server (0/3 cur/max conns, infos 0/0 sent/received, bytes 0B/0B sent/received)
I181105 15:18:12.344233 239 server/status/runtime.go:465  [n1] runtime stats: 185 MiB RSS, 171 goroutines, 121 MiB/26 MiB/163 MiB GO alloc/idle/total, 40 MiB/52 MiB CGO alloc/total, 26.3 CGO/sec, 0.7/0.4 %(u/s)time, 0.0 %gc (0x), 7.0 KiB/7.0 KiB (r/w)net
I181105 15:18:22.345893 239 server/status/runtime.go:465  [n1] runtime stats: 185 MiB RSS, 171 goroutines, 126 MiB/21 MiB/163 MiB GO alloc/idle/total, 40 MiB/52 MiB CGO alloc/total, 21.5 CGO/sec, 0.8/0.2 %(u/s)time, 0.0 %gc (0x), 11 KiB/9.5 KiB (r/w)net
I181105 15:18:32.347518 239 server/status/runtime.go:465  [n1] runtime stats: 185 MiB RSS, 171 goroutines, 132 MiB/15 MiB/163 MiB GO alloc/idle/total, 40 MiB/52 MiB CGO alloc/total, 26.3 CGO/sec, 0.7/0.3 %(u/s)time, 0.0 %gc (0x), 4.7 KiB/4.0 KiB (r/w)net
I181105 15:18:42.349196 239 server/status/runtime.go:465  [n1] runtime stats: 186 MiB RSS, 171 goroutines, 138 MiB/9.7 MiB/163 MiB GO alloc/idle/total, 40 MiB/52 MiB CGO alloc/total, 20.3 CGO/sec, 0.6/0.4 %(u/s)time, 0.0 %gc (0x), 7.2 KiB/7.1 KiB (r/w)net
I181105 15:18:52.350972 239 server/status/runtime.go:465  [n1] runtime stats: 186 MiB RSS, 171 goroutines, 143 MiB/4.1 MiB/163 MiB GO alloc/idle/total, 40 MiB/52 MiB CGO alloc/total, 24.9 CGO/sec, 0.8/0.2 %(u/s)time, 0.0 %gc (0x), 10 KiB/9.3 KiB (r/w)net
I181105 15:19:02.352686 239 server/status/runtime.go:465  [n1] runtime stats: 186 MiB RSS, 171 goroutines, 82 MiB/62 MiB/163 MiB GO alloc/idle/total, 40 MiB/52 MiB CGO alloc/total, 24.0 CGO/sec, 0.8/0.1 %(u/s)time, 0.0 %gc (1x), 3.7 KiB/3.7 KiB (r/w)net
I181105 15:19:12.040860 235 gossip/gossip.go:557  [n1] gossip status (ok, 1 node)
gossip client (0/3 cur/max conns)
gossip server (0/3 cur/max conns, infos 0/0 sent/received, bytes 0B/0B sent/received)
I181105 15:19:12.354357 239 server/status/runtime.go:465  [n1] runtime stats: 186 MiB RSS, 171 goroutines, 88 MiB/56 MiB/163 MiB GO alloc/idle/total, 40 MiB/52 MiB CGO alloc/total, 28.6 CGO/sec, 0.9/0.3 %(u/s)time, 0.0 %gc (0x), 12 KiB/10 KiB (r/w)net
E181105 15:19:12.991206 253 storage/queue.go:893  [n1,replicate] 25 replicas failing with "0 of 1 live stores are able to take a new replica for the range (1 already has a replica); likely not enough nodes in cluster"
I181105 15:19:22.042183 234 storage/store.go:4472  [n1,s1] sstables (read amplification = 1):
6 [ 422K 1 ]: 422K
I181105 15:19:22.042405 234 storage/store.go:4473  [n1,s1] 
** Compaction Stats [default] **
Level    Files   Size     Score Read(GB)  Rn(GB) Rnp1(GB) Write(GB) Wnew(GB) Moved(GB) W-Amp Rd(MB/s) Wr(MB/s) Comp(sec) Comp(cnt) Avg(sec) KeyIn KeyDrop
----------------------------------------------------------------------------------------------------------------------------------------------------------
  L0      0/0    0.00 KB   0.0      0.0     0.0      0.0       0.0      0.0       0.0   1.0      0.0      0.7         0         1    0.169       0      0
  L6      1/0   421.84 KB   0.0      0.0     0.0      0.0       0.0      0.0       0.0   0.8      1.4      1.2         0         1    0.349    4667   1621
 Sum      1/0   421.84 KB   0.0      0.0     0.0      0.0       0.0      0.0       0.0   4.6      1.0      1.0         1         2    0.259    4667   1621
 Int      0/0    0.00 KB   0.0      0.0     0.0      0.0       0.0      0.0       0.0   0.0      0.0      0.0         0         0    0.000       0      0
Uptime(secs): 1811.4 total, 600.0 interval
Flush(GB): cumulative 0.000, interval 0.000
AddFile(GB): cumulative 0.000, interval 0.000
AddFile(Total Files): cumulative 0, interval 0
AddFile(L0 Files): cumulative 0, interval 0
AddFile(Keys): cumulative 0, interval 0
Cumulative compaction: 0.00 GB write, 0.00 MB/s write, 0.00 GB read, 0.00 MB/s read, 0.5 seconds
Interval compaction: 0.00 GB write, 0.00 MB/s write, 0.00 GB read, 0.00 MB/s read, 0.0 seconds
Stalls(count): 0 level0_slowdown, 0 level0_slowdown_with_compaction, 0 level0_numfiles, 0 level0_numfiles_with_compaction, 0 stop for pending_compaction_bytes, 0 slowdown for pending_compaction_bytes, 0 memtable_compaction, 0 memtable_slowdown, interval 0 total count
estimated_pending_compaction_bytes: 0 B
I181105 15:19:22.355952 239 server/status/runtime.go:465  [n1] runtime stats: 186 MiB RSS, 171 goroutines, 95 MiB/50 MiB/163 MiB GO alloc/idle/total, 40 MiB/52 MiB CGO alloc/total, 21.7 CGO/sec, 0.6/0.3 %(u/s)time, 0.0 %gc (0x), 6.1 KiB/6.2 KiB (r/w)net
I181105 15:19:32.357794 239 server/status/runtime.go:465  [n1] runtime stats: 187 MiB RSS, 171 goroutines, 101 MiB/45 MiB/163 MiB GO alloc/idle/total, 40 MiB/52 MiB CGO alloc/total, 21.4 CGO/sec, 0.7/0.3 %(u/s)time, 0.0 %gc (0x), 4.4 KiB/4.0 KiB (r/w)net
I181105 15:19:42.359400 239 server/status/runtime.go:465  [n1] runtime stats: 187 MiB RSS, 171 goroutines, 106 MiB/40 MiB/163 MiB GO alloc/idle/total, 40 MiB/52 MiB CGO alloc/total, 22.9 CGO/sec, 0.5/0.4 %(u/s)time, 0.0 %gc (0x), 7.9 KiB/8.2 KiB (r/w)net
I181105 15:19:52.361039 239 server/status/runtime.go:465  [n1] runtime stats: 187 MiB RSS, 171 goroutines, 112 MiB/34 MiB/163 MiB GO alloc/idle/total, 40 MiB/52 MiB CGO alloc/total, 26.3 CGO/sec, 0.9/0.2 %(u/s)time, 0.0 %gc (0x), 5.9 KiB/5.9 KiB (r/w)net
I181105 15:20:02.362790 239 server/status/runtime.go:465  [n1] runtime stats: 187 MiB RSS, 171 goroutines, 118 MiB/29 MiB/163 MiB GO alloc/idle/total, 40 MiB/52 MiB CGO alloc/total, 24.1 CGO/sec, 0.7/0.3 %(u/s)time, 0.0 %gc (0x), 9.6 KiB/8.6 KiB (r/w)net
I181105 15:20:12.040825 235 gossip/gossip.go:557  [n1] gossip status (ok, 1 node)
gossip client (0/3 cur/max conns)
gossip server (0/3 cur/max conns, infos 0/0 sent/received, bytes 0B/0B sent/received)
I181105 15:20:12.364445 239 server/status/runtime.go:465  [n1] runtime stats: 187 MiB RSS, 171 goroutines, 124 MiB/24 MiB/163 MiB GO alloc/idle/total, 40 MiB/52 MiB CGO alloc/total, 39.2 CGO/sec, 1.0/0.2 %(u/s)time, 0.0 %gc (0x), 7.2 KiB/7.3 KiB (r/w)net
I181105 15:20:22.366100 239 server/status/runtime.go:465  [n1] runtime stats: 187 MiB RSS, 171 goroutines, 129 MiB/18 MiB/163 MiB GO alloc/idle/total, 40 MiB/52 MiB CGO alloc/total, 23.8 CGO/sec, 0.8/0.1 %(u/s)time, 0.0 %gc (0x), 14 KiB/16 KiB (r/w)net
I181105 15:20:32.367740 239 server/status/runtime.go:465  [n1] runtime stats: 187 MiB RSS, 171 goroutines, 135 MiB/12 MiB/163 MiB GO alloc/idle/total, 40 MiB/52 MiB CGO alloc/total, 22.5 CGO/sec, 0.8/0.3 %(u/s)time, 0.0 %gc (0x), 4.0 KiB/4.0 KiB (r/w)net
I181105 15:20:42.369403 239 server/status/runtime.go:465  [n1] runtime stats: 188 MiB RSS, 171 goroutines, 140 MiB/6.9 MiB/163 MiB GO alloc/idle/total, 40 MiB/52 MiB CGO alloc/total, 24.1 CGO/sec, 0.8/0.2 %(u/s)time, 0.0 %gc (0x), 118 KiB/14 KiB (r/w)net
I181105 15:20:52.371087 239 server/status/runtime.go:465  [n1] runtime stats: 188 MiB RSS, 171 goroutines, 78 MiB/65 MiB/163 MiB GO alloc/idle/total, 40 MiB/52 MiB CGO alloc/total, 22.6 CGO/sec, 1.0/0.1 %(u/s)time, 0.0 %gc (1x), 6.0 KiB/6.0 KiB (r/w)net
I181105 15:21:02.372733 239 server/status/runtime.go:465  [n1] runtime stats: 188 MiB RSS, 171 goroutines, 85 MiB/59 MiB/163 MiB GO alloc/idle/total, 40 MiB/52 MiB CGO alloc/total, 21.4 CGO/sec, 0.8/0.3 %(u/s)time, 0.0 %gc (0x), 4.7 KiB/3.9 KiB (r/w)net
I181105 15:21:12.040833 235 gossip/gossip.go:557  [n1] gossip status (ok, 1 node)
gossip client (0/3 cur/max conns)
gossip server (0/3 cur/max conns, infos 0/0 sent/received, bytes 0B/0B sent/received)
I181105 15:21:12.374335 239 server/status/runtime.go:465  [n1] runtime stats: 189 MiB RSS, 171 goroutines, 91 MiB/54 MiB/163 MiB GO alloc/idle/total, 40 MiB/52 MiB CGO alloc/total, 24.8 CGO/sec, 0.6/0.4 %(u/s)time, 0.0 %gc (0x), 9.4 KiB/9.4 KiB (r/w)net
I181105 15:21:22.375954 239 server/status/runtime.go:465  [n1] runtime stats: 189 MiB RSS, 171 goroutines, 97 MiB/48 MiB/163 MiB GO alloc/idle/total, 40 MiB/52 MiB CGO alloc/total, 21.5 CGO/sec, 0.7/0.2 %(u/s)time, 0.0 %gc (0x), 6.1 KiB/6.1 KiB (r/w)net
I181105 15:21:32.377582 239 server/status/runtime.go:465  [n1] runtime stats: 189 MiB RSS, 171 goroutines, 104 MiB/42 MiB/163 MiB GO alloc/idle/total, 40 MiB/52 MiB CGO alloc/total, 25.2 CGO/sec, 0.6/0.3 %(u/s)time, 0.0 %gc (0x), 8.3 KiB/7.0 KiB (r/w)net
I181105 15:21:42.379283 239 server/status/runtime.go:465  [n1] runtime stats: 189 MiB RSS, 171 goroutines, 109 MiB/37 MiB/163 MiB GO alloc/idle/total, 40 MiB/52 MiB CGO alloc/total, 20.3 CGO/sec, 0.6/0.3 %(u/s)time, 0.0 %gc (0x), 7.4 KiB/8.2 KiB (r/w)net
I181105 15:21:52.381094 239 server/status/runtime.go:465  [n1] runtime stats: 189 MiB RSS, 171 goroutines, 115 MiB/31 MiB/163 MiB GO alloc/idle/total, 40 MiB/52 MiB CGO alloc/total, 26.0 CGO/sec, 0.7/0.4 %(u/s)time, 0.0 %gc (0x), 6.3 KiB/6.0 KiB (r/w)net
I181105 15:22:02.382938 239 server/status/runtime.go:465  [n1] runtime stats: 189 MiB RSS, 171 goroutines, 120 MiB/26 MiB/163 MiB GO alloc/idle/total, 40 MiB/52 MiB CGO alloc/total, 18.0 CGO/sec, 0.6/0.2 %(u/s)time, 0.0 %gc (0x), 4.1 KiB/4.2 KiB (r/w)net
I181105 15:22:12.040825 235 gossip/gossip.go:557  [n1] gossip status (ok, 1 node)
gossip client (0/3 cur/max conns)
gossip server (0/3 cur/max conns, infos 0/0 sent/received, bytes 0B/0B sent/received)
I181105 15:22:12.384520 239 server/status/runtime.go:465  [n1] runtime stats: 190 MiB RSS, 171 goroutines, 127 MiB/20 MiB/163 MiB GO alloc/idle/total, 40 MiB/52 MiB CGO alloc/total, 42.7 CGO/sec, 0.9/0.2 %(u/s)time, 0.0 %gc (0x), 7.0 KiB/7.0 KiB (r/w)net
I181105 15:22:22.386290 239 server/status/runtime.go:465  [n1] runtime stats: 190 MiB RSS, 171 goroutines, 133 MiB/14 MiB/163 MiB GO alloc/idle/total, 40 MiB/52 MiB CGO alloc/total, 24.1 CGO/sec, 0.7/0.2 %(u/s)time, 0.0 %gc (0x), 6.2 KiB/5.8 KiB (r/w)net
I181105 15:22:32.387873 239 server/status/runtime.go:465  [n1] runtime stats: 190 MiB RSS, 171 goroutines, 139 MiB/8.6 MiB/163 MiB GO alloc/idle/total, 40 MiB/52 MiB CGO alloc/total, 22.5 CGO/sec, 0.8/0.2 %(u/s)time, 0.0 %gc (0x), 5.3 KiB/4.4 KiB (r/w)net
I181105 15:22:42.389526 239 server/status/runtime.go:465  [n1] runtime stats: 190 MiB RSS, 171 goroutines, 74 MiB/69 MiB/163 MiB GO alloc/idle/total, 40 MiB/52 MiB CGO alloc/total, 20.3 CGO/sec, 1.0/0.2 %(u/s)time, 0.0 %gc (1x), 7.3 KiB/7.1 KiB (r/w)net
I181105 15:22:52.391109 239 server/status/runtime.go:465  [n1] runtime stats: 190 MiB RSS, 171 goroutines, 83 MiB/61 MiB/163 MiB GO alloc/idle/total, 40 MiB/52 MiB CGO alloc/total, 24.9 CGO/sec, 0.6/0.3 %(u/s)time, 0.0 %gc (0x), 12 KiB/13 KiB (r/w)net
I181105 15:23:02.392709 239 server/status/runtime.go:465  [n1] runtime stats: 190 MiB RSS, 171 goroutines, 89 MiB/56 MiB/163 MiB GO alloc/idle/total, 40 MiB/52 MiB CGO alloc/total, 19.2 CGO/sec, 0.6/0.3 %(u/s)time, 0.0 %gc (0x), 3.9 KiB/4.0 KiB (r/w)net
I181105 15:23:12.040870 235 gossip/gossip.go:557  [n1] gossip status (ok, 1 node)
gossip client (0/3 cur/max conns)
gossip server (0/3 cur/max conns, infos 0/0 sent/received, bytes 0B/0B sent/received)
I181105 15:23:12.394539 239 server/status/runtime.go:465  [n1] runtime stats: 190 MiB RSS, 171 goroutines, 95 MiB/50 MiB/163 MiB GO alloc/idle/total, 40 MiB/52 MiB CGO alloc/total, 27.4 CGO/sec, 0.8/0.3 %(u/s)time, 0.0 %gc (0x), 10 KiB/9.4 KiB (r/w)net
I181105 15:23:22.396186 239 server/status/runtime.go:465  [n1] runtime stats: 190 MiB RSS, 171 goroutines, 101 MiB/44 MiB/163 MiB GO alloc/idle/total, 40 MiB/52 MiB CGO alloc/total, 23.8 CGO/sec, 0.5/0.3 %(u/s)time, 0.0 %gc (0x), 17 KiB/19 KiB (r/w)net
I181105 15:23:32.397853 239 server/status/runtime.go:465  [n1] runtime stats: 190 MiB RSS, 171 goroutines, 108 MiB/39 MiB/163 MiB GO alloc/idle/total, 48 MiB/60 MiB CGO alloc/total, 24.0 CGO/sec, 0.6/0.3 %(u/s)time, 0.0 %gc (0x), 5.5 KiB/5.0 KiB (r/w)net
I181105 15:23:42.399681 239 server/status/runtime.go:465  [n1] runtime stats: 191 MiB RSS, 171 goroutines, 113 MiB/34 MiB/163 MiB GO alloc/idle/total, 48 MiB/60 MiB CGO alloc/total, 22.6 CGO/sec, 0.9/0.1 %(u/s)time, 0.0 %gc (0x), 8.9 KiB/8.4 KiB (r/w)net
I181105 15:23:52.401566 239 server/status/runtime.go:465  [n1] runtime stats: 191 MiB RSS, 171 goroutines, 119 MiB/28 MiB/163 MiB GO alloc/idle/total, 48 MiB/60 MiB CGO alloc/total, 23.7 CGO/sec, 0.6/0.3 %(u/s)time, 0.0 %gc (0x), 7.2 KiB/6.3 KiB (r/w)net
I181105 15:24:02.403159 239 server/status/runtime.go:465  [n1] runtime stats: 191 MiB RSS, 171 goroutines, 124 MiB/23 MiB/163 MiB GO alloc/idle/total, 48 MiB/60 MiB CGO alloc/total, 20.3 CGO/sec, 0.6/0.4 %(u/s)time, 0.0 %gc (0x), 4.6 KiB/4.0 KiB (r/w)net
I181105 15:24:12.040789 235 gossip/gossip.go:557  [n1] gossip status (ok, 1 node)
gossip client (0/3 cur/max conns)
gossip server (0/3 cur/max conns, infos 0/0 sent/received, bytes 0B/0B sent/received)
I181105 15:24:12.404767 239 server/status/runtime.go:465  [n1] runtime stats: 191 MiB RSS, 171 goroutines, 130 MiB/17 MiB/163 MiB GO alloc/idle/total, 48 MiB/60 MiB CGO alloc/total, 26.3 CGO/sec, 0.5/0.5 %(u/s)time, 0.0 %gc (0x), 7.2 KiB/7.1 KiB (r/w)net
I181105 15:24:22.406470 239 server/status/runtime.go:465  [n1] runtime stats: 191 MiB RSS, 171 goroutines, 136 MiB/12 MiB/163 MiB GO alloc/idle/total, 48 MiB/60 MiB CGO alloc/total, 23.8 CGO/sec, 0.7/0.2 %(u/s)time, 0.0 %gc (0x), 6.0 KiB/5.9 KiB (r/w)net
I181105 15:24:32.408014 239 server/status/runtime.go:465  [n1] runtime stats: 192 MiB RSS, 171 goroutines, 141 MiB/5.9 MiB/163 MiB GO alloc/idle/total, 48 MiB/60 MiB CGO alloc/total, 26.3 CGO/sec, 0.7/0.3 %(u/s)time, 0.0 %gc (0x), 3.9 KiB/3.9 KiB (r/w)net
I181105 15:24:42.409871 239 server/status/runtime.go:465  [n1] runtime stats: 192 MiB RSS, 171 goroutines, 80 MiB/64 MiB/163 MiB GO alloc/idle/total, 48 MiB/60 MiB CGO alloc/total, 20.4 CGO/sec, 1.2/0.1 %(u/s)time, 0.0 %gc (1x), 7.3 KiB/7.2 KiB (r/w)net
I181105 15:24:52.411544 239 server/status/runtime.go:465  [n1] runtime stats: 192 MiB RSS, 171 goroutines, 88 MiB/57 MiB/163 MiB GO alloc/idle/total, 48 MiB/60 MiB CGO alloc/total, 27.5 CGO/sec, 0.7/0.3 %(u/s)time, 0.0 %gc (0x), 5.9 KiB/5.9 KiB (r/w)net
I181105 15:25:02.413234 239 server/status/runtime.go:465  [n1] runtime stats: 192 MiB RSS, 171 goroutines, 95 MiB/50 MiB/163 MiB GO alloc/idle/total, 48 MiB/60 MiB CGO alloc/total, 33.5 CGO/sec, 0.7/0.2 %(u/s)time, 0.0 %gc (0x), 3.9 KiB/3.8 KiB (r/w)net
I181105 15:25:12.040894 235 gossip/gossip.go:557  [n1] gossip status (ok, 1 node)
gossip client (0/3 cur/max conns)
gossip server (0/3 cur/max conns, infos 0/0 sent/received, bytes 0B/0B sent/received)
I181105 15:25:12.414851 239 server/status/runtime.go:465  [n1] runtime stats: 192 MiB RSS, 171 goroutines, 101 MiB/45 MiB/163 MiB GO alloc/idle/total, 48 MiB/60 MiB CGO alloc/total, 28.3 CGO/sec, 0.8/0.3 %(u/s)time, 0.0 %gc (0x), 10 KiB/9.6 KiB (r/w)net
I181105 15:25:22.416524 239 server/status/runtime.go:465  [n1] runtime stats: 192 MiB RSS, 171 goroutines, 106 MiB/40 MiB/163 MiB GO alloc/idle/total, 48 MiB/60 MiB CGO alloc/total, 21.5 CGO/sec, 0.6/0.3 %(u/s)time, 0.0 %gc (0x), 13 KiB/13 KiB (r/w)net
I181105 15:25:32.418204 239 server/status/runtime.go:465  [n1] runtime stats: 193 MiB RSS, 171 goroutines, 112 MiB/35 MiB/163 MiB GO alloc/idle/total, 48 MiB/60 MiB CGO alloc/total, 23.7 CGO/sec, 0.8/0.2 %(u/s)time, 0.0 %gc (0x), 4.6 KiB/5.2 KiB (r/w)net
I181105 15:25:42.420025 239 server/status/runtime.go:465  [n1] runtime stats: 193 MiB RSS, 171 goroutines, 118 MiB/29 MiB/163 MiB GO alloc/idle/total, 48 MiB/60 MiB CGO alloc/total, 18.0 CGO/sec, 0.7/0.1 %(u/s)time, 0.0 %gc (0x), 9.2 KiB/11 KiB (r/w)net
I181105 15:25:52.421700 239 server/status/runtime.go:465  [n1] runtime stats: 193 MiB RSS, 171 goroutines, 123 MiB/24 MiB/163 MiB GO alloc/idle/total, 48 MiB/60 MiB CGO alloc/total, 28.6 CGO/sec, 0.8/0.3 %(u/s)time, 0.0 %gc (0x), 6.0 KiB/6.0 KiB (r/w)net
I181105 15:26:02.423382 239 server/status/runtime.go:465  [n1] runtime stats: 193 MiB RSS, 171 goroutines, 129 MiB/18 MiB/163 MiB GO alloc/idle/total, 47 MiB/60 MiB CGO alloc/total, 21.5 CGO/sec, 0.5/0.4 %(u/s)time, 0.0 %gc (0x), 4.3 KiB/4.0 KiB (r/w)net
I181105 15:26:12.040778 235 gossip/gossip.go:557  [n1] gossip status (ok, 1 node)
gossip client (0/3 cur/max conns)
gossip server (0/3 cur/max conns, infos 0/0 sent/received, bytes 0B/0B sent/received)
I181105 15:26:12.425066 239 server/status/runtime.go:465  [n1] runtime stats: 193 MiB RSS, 171 goroutines, 135 MiB/13 MiB/163 MiB GO alloc/idle/total, 47 MiB/60 MiB CGO alloc/total, 26.3 CGO/sec, 0.5/0.4 %(u/s)time, 0.0 %gc (0x), 7.2 KiB/7.2 KiB (r/w)net
I181105 15:26:22.426859 239 server/status/runtime.go:465  [n1] runtime stats: 193 MiB RSS, 171 goroutines, 140 MiB/7.0 MiB/163 MiB GO alloc/idle/total, 47 MiB/60 MiB CGO alloc/total, 23.8 CGO/sec, 0.6/0.4 %(u/s)time, 0.0 %gc (0x), 5.8 KiB/5.8 KiB (r/w)net
I181105 15:26:32.428485 239 server/status/runtime.go:465  [n1] runtime stats: 193 MiB RSS, 171 goroutines, 79 MiB/64 MiB/163 MiB GO alloc/idle/total, 47 MiB/60 MiB CGO alloc/total, 20.0 CGO/sec, 0.9/0.0 %(u/s)time, 0.0 %gc (1x), 4.0 KiB/4.0 KiB (r/w)net
I181105 15:26:42.430154 239 server/status/runtime.go:465  [n1] runtime stats: 194 MiB RSS, 171 goroutines, 85 MiB/59 MiB/163 MiB GO alloc/idle/total, 47 MiB/60 MiB CGO alloc/total, 24.1 CGO/sec, 0.6/0.3 %(u/s)time, 0.0 %gc (0x), 8.2 KiB/7.3 KiB (r/w)net
I181105 15:26:52.431775 239 server/status/runtime.go:465  [n1] runtime stats: 194 MiB RSS, 171 goroutines, 91 MiB/53 MiB/163 MiB GO alloc/idle/total, 47 MiB/60 MiB CGO alloc/total, 24.9 CGO/sec, 0.8/0.2 %(u/s)time, 0.0 %gc (0x), 9.8 KiB/11 KiB (r/w)net
I181105 15:27:02.433410 239 server/status/runtime.go:465  [n1] runtime stats: 194 MiB RSS, 171 goroutines, 97 MiB/48 MiB/163 MiB GO alloc/idle/total, 47 MiB/60 MiB CGO alloc/total, 20.6 CGO/sec, 0.5/0.4 %(u/s)time, 0.0 %gc (0x), 4.6 KiB/4.0 KiB (r/w)net
I181105 15:27:12.040805 235 gossip/gossip.go:557  [n1] gossip status (ok, 1 node)
gossip client (0/3 cur/max conns)
gossip server (0/3 cur/max conns, infos 0/0 sent/received, bytes 0B/0B sent/received)
I181105 15:27:12.435099 239 server/status/runtime.go:465  [n1] runtime stats: 194 MiB RSS, 171 goroutines, 103 MiB/43 MiB/163 MiB GO alloc/idle/total, 47 MiB/60 MiB CGO alloc/total, 27.4 CGO/sec, 0.7/0.2 %(u/s)time, 0.0 %gc (0x), 11 KiB/9.6 KiB (r/w)net
I181105 15:27:22.436802 239 server/status/runtime.go:465  [n1] runtime stats: 194 MiB RSS, 171 goroutines, 109 MiB/38 MiB/163 MiB GO alloc/idle/total, 47 MiB/60 MiB CGO alloc/total, 21.5 CGO/sec, 0.8/0.2 %(u/s)time, 0.0 %gc (0x), 7.8 KiB/6.3 KiB (r/w)net
I181105 15:27:32.438524 239 server/status/runtime.go:465  [n1] runtime stats: 194 MiB RSS, 171 goroutines, 115 MiB/31 MiB/163 MiB GO alloc/idle/total, 47 MiB/60 MiB CGO alloc/total, 25.2 CGO/sec, 0.7/0.2 %(u/s)time, 0.0 %gc (0x), 4.7 KiB/4.1 KiB (r/w)net
I181105 15:27:42.440191 239 server/status/runtime.go:465  [n1] runtime stats: 194 MiB RSS, 171 goroutines, 121 MiB/26 MiB/163 MiB GO alloc/idle/total, 47 MiB/60 MiB CGO alloc/total, 19.4 CGO/sec, 0.8/0.2 %(u/s)time, 0.0 %gc (0x), 9.0 KiB/9.0 KiB (r/w)net
I181105 15:27:52.441898 239 server/status/runtime.go:465  [n1] runtime stats: 194 MiB RSS, 171 goroutines, 127 MiB/20 MiB/163 MiB GO alloc/idle/total, 47 MiB/60 MiB CGO alloc/total, 36.6 CGO/sec, 0.8/0.3 %(u/s)time, 0.0 %gc (0x), 6.1 KiB/5.9 KiB (r/w)net
I181105 15:28:02.443681 239 server/status/runtime.go:465  [n1] runtime stats: 195 MiB RSS, 171 goroutines, 132 MiB/15 MiB/163 MiB GO alloc/idle/total, 47 MiB/60 MiB CGO alloc/total, 22.9 CGO/sec, 0.7/0.2 %(u/s)time, 0.0 %gc (0x), 11 KiB/10 KiB (r/w)net
I181105 15:28:12.040805 235 gossip/gossip.go:557  [n1] gossip status (ok, 1 node)
gossip client (0/3 cur/max conns)
gossip server (0/3 cur/max conns, infos 0/0 sent/received, bytes 0B/0B sent/received)
I181105 15:28:12.445360 239 server/status/runtime.go:465  [n1] runtime stats: 195 MiB RSS, 171 goroutines, 138 MiB/9.3 MiB/163 MiB GO alloc/idle/total, 47 MiB/60 MiB CGO alloc/total, 24.9 CGO/sec, 0.7/0.5 %(u/s)time, 0.0 %gc (0x), 7.8 KiB/7.2 KiB (r/w)net
I181105 15:28:22.447264 239 server/status/runtime.go:465  [n1] runtime stats: 195 MiB RSS, 171 goroutines, 75 MiB/68 MiB/163 MiB GO alloc/idle/total, 47 MiB/60 MiB CGO alloc/total, 24.1 CGO/sec, 1.0/0.3 %(u/s)time, 0.0 %gc (1x), 10 KiB/10 KiB (r/w)net
I181105 15:28:32.448859 239 server/status/runtime.go:465  [n1] runtime stats: 195 MiB RSS, 171 goroutines, 82 MiB/61 MiB/163 MiB GO alloc/idle/total, 47 MiB/60 MiB CGO alloc/total, 22.5 CGO/sec, 0.9/0.1 %(u/s)time, 0.0 %gc (0x), 7.8 KiB/4.2 KiB (r/w)net
I181105 15:28:42.450549 239 server/status/runtime.go:465  [n1] runtime stats: 195 MiB RSS, 171 goroutines, 88 MiB/56 MiB/163 MiB GO alloc/idle/total, 47 MiB/60 MiB CGO alloc/total, 21.4 CGO/sec, 0.6/0.3 %(u/s)time, 0.0 %gc (0x), 7.8 KiB/7.2 KiB (r/w)net
I181105 15:28:52.452348 239 server/status/runtime.go:465  [n1] runtime stats: 195 MiB RSS, 171 goroutines, 96 MiB/49 MiB/163 MiB GO alloc/idle/total, 47 MiB/60 MiB CGO alloc/total, 27.5 CGO/sec, 0.7/0.3 %(u/s)time, 0.0 %gc (0x), 5.9 KiB/6.0 KiB (r/w)net
I181105 15:29:02.453997 239 server/status/runtime.go:465  [n1] runtime stats: 194 MiB RSS, 170 goroutines, 101 MiB/43 MiB/162 MiB GO alloc/idle/total, 47 MiB/60 MiB CGO alloc/total, 24.1 CGO/sec, 0.7/0.1 %(u/s)time, 0.0 %gc (0x), 5.7 KiB/7.6 KiB (r/w)net
I181105 15:29:06.998665 23 util/log/clog.go:627  hangup received, flushing logs
I181105 15:29:07.240501 1 cli/start.go:756  received signal 'terminated'
I181105 15:29:07.571405 23 util/log/clog.go:627  hangup received, flushing logs
I181105 15:29:07.673243 1 cli/start.go:821  initiating graceful shutdown of server
I181105 15:29:07.824592 4205 util/stop/stopper.go:537  [server drain process] quiescing; tasks left:
1      [async] closedts-rangefeed-subscriber
I181105 15:29:07.882392 4205 storage/engine/rocksdb.go:707  closing rocksdb instance at "/home/sebas/go/src/recetas/cockroach-data/cockroach-temp268333084"
I181105 15:29:07.933288 4205 storage/engine/rocksdb.go:707  closing rocksdb instance at "/home/sebas/go/src/recetas/cockroach-data"
I181105 15:29:07.969402 1 cli/start.go:867  server drained and shutdown completed
